========================================
Modal run output - Started at Tue Apr  7 23:03:32 EDT 2026
Steps: 9
========================================
Running: modal run run_modal.py --step 9

✓ Initialized. View run at https://modal.com/apps/tylery/main/ap-bgP4haUvDKCymzvcnSivOH
✓ Created objects.
├── 🔨 Created mount /Users/tyleryang/Developer/15-442/tirx-gemm/run_modal.py
├── 🔨 Created mount /Users/tyleryang/Developer/15-442/tirx-gemm
├── 🔨 Created function run_tests.
└── 🔨 Created function run_inspect.
Running step 9: tests/test_step09.py

==========
== CUDA ==
==========

CUDA Version 13.0.0

Container image Copyright (c) 2016-2023, NVIDIA CORPORATION & AFFILIATES. All rights reserved.

This container image and its contents are governed by the NVIDIA Deep Learning Container License.
By pulling and using the container, you accept the terms and conditions of this license:
https://developer.nvidia.com/ngc/nvidia-deep-learning-container-license

A copy of this license is made available in this container at /NGC-DL-CONTAINER-LICENSE for your convenience.

============================= test session starts ==============================
platform linux -- Python 3.12.1, pytest-9.0.2, pluggy-1.6.0 -- /usr/local/bin/python
cachedir: .pytest_cache
rootdir: /workspace
configfile: pyproject.toml
[03:03:45] /workspace/tvm/src/target/llvm/llvm_instance.cc:219: Error: Using LLVM 19.1.7 with `-mcpu=apple-m1` is not valid in `-mtriple=arm64-apple-macos`, using default `-mcpu=generic`
[03:03:45] /workspace/tvm/src/target/llvm/llvm_instance.cc:219: Error: Using LLVM 19.1.7 with `-mcpu=apple-m1` is not valid in `-mtriple=arm64-apple-macos`, using default `-mcpu=generic`
[03:03:45] /workspace/tvm/src/target/llvm/llvm_instance.cc:219: Error: Using LLVM 19.1.7 with `-mcpu=apple-m2` is not valid in `-mtriple=arm64-apple-macos`, using default `-mcpu=generic`
[03:03:45] /workspace/tvm/src/target/llvm/llvm_instance.cc:219: Error: Using LLVM 19.1.7 with `-mcpu=apple-m2` is not valid in `-mtriple=arm64-apple-macos`, using default `-mcpu=generic`
[03:03:45] /workspace/tvm/src/target/llvm/llvm_instance.cc:219: Error: Using LLVM 19.1.7 with `-mcpu=apple-m1` is not valid in `-mtriple=arm64-apple-macos`, using default `-mcpu=generic`
[03:03:45] /workspace/tvm/src/target/llvm/llvm_instance.cc:219: Error: Using LLVM 19.1.7 with `-mcpu=apple-m1` is not valid in `-mtriple=arm64-apple-macos`, using default `-mcpu=generic`
collecting ... collected 4 items

tests/test_step09.py::test_cluster[1024] FAILED
tests/test_step09.py::test_cluster[2048] FAILED
tests/test_step09.py::test_cluster[4096] FAILED
tests/test_step09.py::test_cluster[8192] FAILED

=================================== FAILURES ===================================
______________________________ test_cluster[1024] ______________________________

size = 1024

    @pytest.mark.parametrize("size", [1024, 2048, 4096, 8192])
    def test_cluster(size):
        M, N, K = size, size, size
        kernel = hgemm_v9(M, N, K)
        A, B, C = prepare_data(M, N, K)
        C_tir = compile_and_run(kernel, A, B, C)
>       verify(C_tir, A, B)

tests/test_step09.py:14: 
_ _ _ _ _ _ _ _ _ _ _ _ _ _ _ _ _ _ _ _ _ _ _ _ _ _ _ _ _ _ _ _ _ _ _ _ _ _ _ _ 

C_tir = tensor([[ 17.4375, -35.4688, -19.2812,  ...,   0.0000,   0.0000,   0.0000],
        [-11.4609, -64.8125, -10.4688,  .....      [  0.0000,   0.0000,   0.0000,  ...,   0.0000,   0.0000,   0.0000]],
       device='cuda:0', dtype=torch.float16)
A = tensor([[-0.3606,  0.3157,  0.9526,  ...,  0.6973, -0.2074, -0.0609],
        [-1.3096,  0.3103, -0.1356,  ..., -0.471...8],
        [-0.0149, -0.1121,  1.5957,  ..., -0.5933,  0.0108,  2.0000]],
       device='cuda:0', dtype=torch.float16)
B = tensor([[ 5.2051e-01, -1.5898e+00, -1.2415e-01,  ..., -7.1240e-01,
          3.1909e-01,  3.9014e-01],
        [ 6.127...-2.2620e-01, -1.5182e-03,  ..., -1.2842e+00,
         -9.1406e-01, -8.5156e-01]], device='cuda:0', dtype=torch.float16)
rtol = 0.001, atol = 0.01

    def verify(C_tir, A, B, rtol=1e-3, atol=1e-2):
        """Verify TIRX result against torch.matmul (cuBLAS)."""
        C_ref = torch.matmul(A, B.T)
>       torch.testing.assert_close(C_tir, C_ref, rtol=rtol, atol=atol)
E       AssertionError: Tensor-likes are not close!
E       
E       Mismatched elements: 970371 / 1048576 (92.5%)
E       Greatest absolute difference: 189.75 at index (377, 348) (up to 0.01 allowed)
E       Greatest relative difference: 45696.0 at index (195, 150) (up to 0.001 allowed)

utils.py:34: AssertionError
______________________________ test_cluster[2048] ______________________________

size = 2048

    @pytest.mark.parametrize("size", [1024, 2048, 4096, 8192])
    def test_cluster(size):
        M, N, K = size, size, size
        kernel = hgemm_v9(M, N, K)
        A, B, C = prepare_data(M, N, K)
        C_tir = compile_and_run(kernel, A, B, C)
>       verify(C_tir, A, B)

tests/test_step09.py:14: 
_ _ _ _ _ _ _ _ _ _ _ _ _ _ _ _ _ _ _ _ _ _ _ _ _ _ _ _ _ _ _ _ _ _ _ _ _ _ _ _ 

C_tir = tensor([[ 63.7188,  36.0000,  99.6250,  ...,   0.0000,   0.0000,   0.0000],
        [-45.9688, 133.1250,   2.1133,  .....      [  0.0000,   0.0000,   0.0000,  ...,   0.0000,   0.0000,   0.0000]],
       device='cuda:0', dtype=torch.float16)
A = tensor([[-5.2930e-01,  1.4258e-01, -7.7393e-01,  ..., -1.2842e+00,
         -7.5439e-01, -1.2426e-03],
        [-6.069... 7.0947e-01, -1.7393e+00,  ..., -7.0129e-02,
         -2.2070e-01,  1.2031e+00]], device='cuda:0', dtype=torch.float16)
B = tensor([[-0.0232, -2.1562,  0.0344,  ..., -0.6851, -0.0719, -0.2125],
        [-0.4346, -1.4639, -0.9668,  ..., -0.718...4],
        [-0.9458,  1.3252,  1.4326,  ...,  0.5073,  0.5034,  1.3623]],
       device='cuda:0', dtype=torch.float16)
rtol = 0.001, atol = 0.01

    def verify(C_tir, A, B, rtol=1e-3, atol=1e-2):
        """Verify TIRX result against torch.matmul (cuBLAS)."""
        C_ref = torch.matmul(A, B.T)
>       torch.testing.assert_close(C_tir, C_ref, rtol=rtol, atol=atol)
E       AssertionError: Tensor-likes are not close!
E       
E       Mismatched elements: 4069248 / 4194304 (97.0%)
E       Greatest absolute difference: 281.25 at index (782, 983) (up to 0.01 allowed)
E       Greatest relative difference: 44288.0 at index (409, 510) (up to 0.001 allowed)

utils.py:34: AssertionError
______________________________ test_cluster[4096] ______________________________

size = 4096

    @pytest.mark.parametrize("size", [1024, 2048, 4096, 8192])
    def test_cluster(size):
        M, N, K = size, size, size
        kernel = hgemm_v9(M, N, K)
        A, B, C = prepare_data(M, N, K)
        C_tir = compile_and_run(kernel, A, B, C)
>       verify(C_tir, A, B)

tests/test_step09.py:14: 
_ _ _ _ _ _ _ _ _ _ _ _ _ _ _ _ _ _ _ _ _ _ _ _ _ _ _ _ _ _ _ _ _ _ _ _ _ _ _ _ 

C_tir = tensor([[  -9.2422, -137.1250,   20.1562,  ...,    0.0000,    0.0000,
            0.0000],
        [  47.3750,   76.06...  0.0000,    0.0000,    0.0000,  ...,    0.0000,    0.0000,
            0.0000]], device='cuda:0', dtype=torch.float16)
A = tensor([[ 2.1016, -1.2090,  0.0372,  ...,  0.0715, -0.4312, -1.4170],
        [ 1.4111,  0.1271, -0.1021,  ...,  0.630...2],
        [-0.0354,  0.0735,  0.6567,  ...,  0.5142,  0.8145,  0.0278]],
       device='cuda:0', dtype=torch.float16)
B = tensor([[-0.6738, -0.7764, -0.2668,  ..., -0.8931,  1.9941, -0.2502],
        [ 0.5332, -0.2964, -0.6064,  ..., -0.505...8],
        [-0.9604, -0.7368,  0.6270,  ..., -1.2637, -0.5093, -0.7539]],
       device='cuda:0', dtype=torch.float16)
rtol = 0.001, atol = 0.01

    def verify(C_tir, A, B, rtol=1e-3, atol=1e-2):
        """Verify TIRX result against torch.matmul (cuBLAS)."""
        C_ref = torch.matmul(A, B.T)
>       torch.testing.assert_close(C_tir, C_ref, rtol=rtol, atol=atol)
E       AssertionError: Tensor-likes are not close!
E       
E       Mismatched elements: 16540003 / 16777216 (98.6%)
E       Greatest absolute difference: 437.0 at index (428, 585) (up to 0.01 allowed)
E       Greatest relative difference: inf at index (347, 372) (up to 0.001 allowed)

utils.py:34: AssertionError
______________________________ test_cluster[8192] ______________________________

size = 8192

    @pytest.mark.parametrize("size", [1024, 2048, 4096, 8192])
    def test_cluster(size):
        M, N, K = size, size, size
        kernel = hgemm_v9(M, N, K)
        A, B, C = prepare_data(M, N, K)
        C_tir = compile_and_run(kernel, A, B, C)
>       verify(C_tir, A, B)

tests/test_step09.py:14: 
_ _ _ _ _ _ _ _ _ _ _ _ _ _ _ _ _ _ _ _ _ _ _ _ _ _ _ _ _ _ _ _ _ _ _ _ _ _ _ _ 

C_tir = tensor([[  78.8750,  161.7500, -315.7500,  ...,    0.0000,    0.0000,
            0.0000],
        [  56.8125,   17.90...  0.0000,    0.0000,    0.0000,  ...,    0.0000,    0.0000,
            0.0000]], device='cuda:0', dtype=torch.float16)
A = tensor([[-0.4812,  0.8066, -0.5171,  ..., -0.6470,  0.5103,  1.2461],
        [-1.2451, -0.3076, -1.4199,  ..., -0.738...0],
        [ 0.9292, -0.9033, -1.0820,  ..., -0.9146,  0.0324, -0.1012]],
       device='cuda:0', dtype=torch.float16)
B = tensor([[ 1.0850,  1.6191,  1.0986,  ...,  1.2021,  1.1670,  0.2212],
        [-0.0734,  1.1729,  0.9800,  ..., -0.584...7],
        [ 0.0710, -1.4248, -0.4795,  ...,  0.5259,  0.0808,  0.0684]],
       device='cuda:0', dtype=torch.float16)
rtol = 0.001, atol = 0.01

    def verify(C_tir, A, B, rtol=1e-3, atol=1e-2):
        """Verify TIRX result against torch.matmul (cuBLAS)."""
        C_ref = torch.matmul(A, B.T)
>       torch.testing.assert_close(C_tir, C_ref, rtol=rtol, atol=atol)
E       AssertionError: Tensor-likes are not close!
E       
E       Mismatched elements: 66560831 / 67108864 (99.2%)
E       Greatest absolute difference: 670.0 at index (2827, 2978) (up to 0.01 allowed)
E       Greatest relative difference: inf at index (1811, 1856) (up to 0.001 allowed)

utils.py:34: AssertionError
=========================== short test summary info ============================
FAILED tests/test_step09.py::test_cluster[1024] - AssertionError: Tensor-like...
FAILED tests/test_step09.py::test_cluster[2048] - AssertionError: Tensor-like...
FAILED tests/test_step09.py::test_cluster[4096] - AssertionError: Tensor-like...
FAILED tests/test_step09.py::test_cluster[8192] - AssertionError: Tensor-like...
============================== 4 failed in 25.41s ==============================
  Step 9 FAILED (exit code 1)

Failed steps: [9]
Stopping app - uncaught exception raised locally: SystemExit(1).

========================================
Run completed at Tue Apr  7 23:04:09 EDT 2026
