========================================
Modal run output - Started at Mon Apr  6 08:57:59 EDT 2026
Steps: 6
========================================
Running: modal run run_modal.py --step 6

✓ Initialized. View run at https://modal.com/apps/tylery/main/ap-7RCZopmXYf3pmxtTKYzY7U
✓ Created objects.
├── 🔨 Created mount /Users/tyleryang/Developer/15-442/tirx-gemm/run_modal.py
├── 🔨 Created mount /Users/tyleryang/Developer/15-442/tirx-gemm
├── 🔨 Created function run_tests.
└── 🔨 Created function run_inspect.
Running step 6: tests/test_step06.py

==========
== CUDA ==
==========

CUDA Version 13.0.0

Container image Copyright (c) 2016-2023, NVIDIA CORPORATION & AFFILIATES. All rights reserved.

This container image and its contents are governed by the NVIDIA Deep Learning Container License.
By pulling and using the container, you accept the terms and conditions of this license:
https://developer.nvidia.com/ngc/nvidia-deep-learning-container-license

A copy of this license is made available in this container at /NGC-DL-CONTAINER-LICENSE for your convenience.

============================= test session starts ==============================
platform linux -- Python 3.12.1, pytest-9.0.2, pluggy-1.6.0 -- /usr/local/bin/python
cachedir: .pytest_cache
rootdir: /workspace
configfile: pyproject.toml
[12:58:11] /workspace/tvm/src/target/llvm/llvm_instance.cc:219: Error: Using LLVM 19.1.7 with `-mcpu=apple-m1` is not valid in `-mtriple=arm64-apple-macos`, using default `-mcpu=generic`
[12:58:11] /workspace/tvm/src/target/llvm/llvm_instance.cc:219: Error: Using LLVM 19.1.7 with `-mcpu=apple-m1` is not valid in `-mtriple=arm64-apple-macos`, using default `-mcpu=generic`
[12:58:11] /workspace/tvm/src/target/llvm/llvm_instance.cc:219: Error: Using LLVM 19.1.7 with `-mcpu=apple-m2` is not valid in `-mtriple=arm64-apple-macos`, using default `-mcpu=generic`
[12:58:11] /workspace/tvm/src/target/llvm/llvm_instance.cc:219: Error: Using LLVM 19.1.7 with `-mcpu=apple-m2` is not valid in `-mtriple=arm64-apple-macos`, using default `-mcpu=generic`
[12:58:11] /workspace/tvm/src/target/llvm/llvm_instance.cc:219: Error: Using LLVM 19.1.7 with `-mcpu=apple-m1` is not valid in `-mtriple=arm64-apple-macos`, using default `-mcpu=generic`
[12:58:11] /workspace/tvm/src/target/llvm/llvm_instance.cc:219: Error: Using LLVM 19.1.7 with `-mcpu=apple-m1` is not valid in `-mtriple=arm64-apple-macos`, using default `-mcpu=generic`
collecting ... collected 4 items

tests/test_step06.py::test_persistent[1024] FAILED
tests/test_step06.py::test_persistent[2048] FAILED
tests/test_step06.py::test_persistent[4096] FAILED
tests/test_step06.py::test_persistent[8192] FAILED

=================================== FAILURES ===================================
____________________________ test_persistent[1024] _____________________________

size = 1024

    @pytest.mark.parametrize("size", [1024, 2048, 4096, 8192])
    def test_persistent(size):
        M, N, K = size, size, size
        kernel = hgemm_v6(M, N, K)
        A, B, C = prepare_data(M, N, K)
        C_tir = compile_and_run(kernel, A, B, C)
>       verify(C_tir, A, B)

tests/test_step06.py:14: 
_ _ _ _ _ _ _ _ _ _ _ _ _ _ _ _ _ _ _ _ _ _ _ _ _ _ _ _ _ _ _ _ _ _ _ _ _ _ _ _ 

C_tir = tensor([[ -3.8516, -69.2500,  -9.7266,  ...,   0.0000,   0.0000,   0.0000],
        [ 60.6875,  21.3906,  -3.0371,  .....      [  0.0000,   0.0000,   0.0000,  ...,   0.0000,   0.0000,   0.0000]],
       device='cuda:0', dtype=torch.float16)
A = tensor([[-1.4688,  2.1016,  0.9917,  ...,  0.9312, -0.3467,  0.9009],
        [-0.5220,  0.9468, -0.6128,  ..., -0.803...4],
        [ 0.2404,  0.9453, -1.8037,  ...,  0.4580, -0.0056, -0.6885]],
       device='cuda:0', dtype=torch.float16)
B = tensor([[-0.8354, -0.1321,  1.6006,  ...,  0.6733,  0.5952,  0.9219],
        [-1.0225,  1.2451, -0.4014,  ...,  1.954...7],
        [ 0.8242,  0.7061,  0.0565,  ..., -0.9985,  0.8477, -0.5435]],
       device='cuda:0', dtype=torch.float16)
rtol = 0.001, atol = 0.01

    def verify(C_tir, A, B, rtol=1e-3, atol=1e-2):
        """Verify TIRX result against torch.matmul (cuBLAS)."""
        C_ref = torch.matmul(A, B.T)
>       torch.testing.assert_close(C_tir, C_ref, rtol=rtol, atol=atol)
E       AssertionError: Tensor-likes are not close!
E       
E       Mismatched elements: 1048312 / 1048576 (100.0%)
E       Greatest absolute difference: 185.5 at index (106, 81) (up to 0.01 allowed)
E       Greatest relative difference: 7664.0 at index (95, 105) (up to 0.001 allowed)

utils.py:34: AssertionError
____________________________ test_persistent[2048] _____________________________

size = 2048

    @pytest.mark.parametrize("size", [1024, 2048, 4096, 8192])
    def test_persistent(size):
        M, N, K = size, size, size
        kernel = hgemm_v6(M, N, K)
        A, B, C = prepare_data(M, N, K)
        C_tir = compile_and_run(kernel, A, B, C)
>       verify(C_tir, A, B)

tests/test_step06.py:14: 
_ _ _ _ _ _ _ _ _ _ _ _ _ _ _ _ _ _ _ _ _ _ _ _ _ _ _ _ _ _ _ _ _ _ _ _ _ _ _ _ 

C_tir = tensor([[-1.9257e-02,  7.4875e+01, -2.0562e+01,  ...,  0.0000e+00,
          0.0000e+00,  0.0000e+00],
        [ 4.253... 0.0000e+00,  0.0000e+00,  ...,  0.0000e+00,
          0.0000e+00,  0.0000e+00]], device='cuda:0', dtype=torch.float16)
A = tensor([[-0.4941, -0.3396,  0.5444,  ...,  0.7886,  0.9688,  0.2454],
        [-0.6997,  0.2979, -0.1019,  ...,  0.726...2],
        [-1.9229,  0.6357,  2.2793,  ...,  1.2910,  0.4873, -0.2332]],
       device='cuda:0', dtype=torch.float16)
B = tensor([[-0.3936,  0.8179,  0.5967,  ...,  0.1376,  0.2448,  0.2844],
        [ 2.7246,  0.8584,  0.5376,  ...,  2.093...3],
        [ 0.4036, -0.1313, -1.1318,  ...,  0.2869,  0.2700, -0.4500]],
       device='cuda:0', dtype=torch.float16)
rtol = 0.001, atol = 0.01

    def verify(C_tir, A, B, rtol=1e-3, atol=1e-2):
        """Verify TIRX result against torch.matmul (cuBLAS)."""
        C_ref = torch.matmul(A, B.T)
>       torch.testing.assert_close(C_tir, C_ref, rtol=rtol, atol=atol)
E       AssertionError: Tensor-likes are not close!
E       
E       Mismatched elements: 4193526 / 4194304 (100.0%)
E       Greatest absolute difference: 261.0 at index (0, 124) (up to 0.01 allowed)
E       Greatest relative difference: 15496.0 at index (119, 60) (up to 0.001 allowed)

utils.py:34: AssertionError
____________________________ test_persistent[4096] _____________________________

size = 4096

    @pytest.mark.parametrize("size", [1024, 2048, 4096, 8192])
    def test_persistent(size):
        M, N, K = size, size, size
        kernel = hgemm_v6(M, N, K)
        A, B, C = prepare_data(M, N, K)
        C_tir = compile_and_run(kernel, A, B, C)
>       verify(C_tir, A, B)

tests/test_step06.py:14: 
_ _ _ _ _ _ _ _ _ _ _ _ _ _ _ _ _ _ _ _ _ _ _ _ _ _ _ _ _ _ _ _ _ _ _ _ _ _ _ _ 

C_tir = tensor([[-180.1250,   71.9375,   48.0938,  ...,    0.0000,    0.0000,
            0.0000],
        [  -9.3672,   59.53...  0.0000,    0.0000,    0.0000,  ...,    0.0000,    0.0000,
            0.0000]], device='cuda:0', dtype=torch.float16)
A = tensor([[ 0.6704,  0.4653, -0.1541,  ...,  0.2316, -0.3984,  0.5049],
        [-1.6611, -0.8975,  0.2581,  ...,  1.544...4],
        [-1.3037,  0.0833, -2.0254,  ...,  0.3411,  0.4414,  1.1621]],
       device='cuda:0', dtype=torch.float16)
B = tensor([[ 0.4524, -1.3262,  0.1143,  ..., -0.9824,  1.0537,  0.6606],
        [-1.4531, -0.5591, -0.4634,  ..., -1.402...4],
        [ 0.1687, -0.6372,  0.5957,  ..., -0.1449,  0.0681,  1.3652]],
       device='cuda:0', dtype=torch.float16)
rtol = 0.001, atol = 0.01

    def verify(C_tir, A, B, rtol=1e-3, atol=1e-2):
        """Verify TIRX result against torch.matmul (cuBLAS)."""
        C_ref = torch.matmul(A, B.T)
>       torch.testing.assert_close(C_tir, C_ref, rtol=rtol, atol=atol)
E       AssertionError: Tensor-likes are not close!
E       
E       Mismatched elements: 16775159 / 16777216 (100.0%)
E       Greatest absolute difference: 349.75 at index (124, 44) (up to 0.01 allowed)
E       Greatest relative difference: 18288.0 at index (53, 7) (up to 0.001 allowed)

utils.py:34: AssertionError
____________________________ test_persistent[8192] _____________________________

size = 8192

    @pytest.mark.parametrize("size", [1024, 2048, 4096, 8192])
    def test_persistent(size):
        M, N, K = size, size, size
        kernel = hgemm_v6(M, N, K)
        A, B, C = prepare_data(M, N, K)
        C_tir = compile_and_run(kernel, A, B, C)
>       verify(C_tir, A, B)

tests/test_step06.py:14: 
_ _ _ _ _ _ _ _ _ _ _ _ _ _ _ _ _ _ _ _ _ _ _ _ _ _ _ _ _ _ _ _ _ _ _ _ _ _ _ _ 

C_tir = tensor([[ 58.5000,  20.6250, -25.6875,  ...,   0.0000,   0.0000,   0.0000],
        [ 53.6875, -91.9375,  26.0781,  .....      [  0.0000,   0.0000,   0.0000,  ...,   0.0000,   0.0000,   0.0000]],
       device='cuda:0', dtype=torch.float16)
A = tensor([[-0.0213, -0.2815, -0.0789,  ...,  1.3730, -0.0141, -0.1284],
        [ 0.1176, -0.7783, -0.5737,  ...,  0.446...4],
        [-0.2668, -0.6050,  0.8120,  ..., -1.0596, -2.1562,  1.4248]],
       device='cuda:0', dtype=torch.float16)
B = tensor([[-0.5830, -0.5454, -1.5605,  ...,  0.6411, -1.5156, -1.3369],
        [-0.5156,  0.1696,  2.7305,  ...,  0.352...5],
        [ 0.2155,  1.4141,  0.4565,  ..., -0.8350, -0.8325,  2.4102]],
       device='cuda:0', dtype=torch.float16)
rtol = 0.001, atol = 0.01

    def verify(C_tir, A, B, rtol=1e-3, atol=1e-2):
        """Verify TIRX result against torch.matmul (cuBLAS)."""
        C_ref = torch.matmul(A, B.T)
>       torch.testing.assert_close(C_tir, C_ref, rtol=rtol, atol=atol)
E       AssertionError: Tensor-likes are not close!
E       
E       Mismatched elements: 67103002 / 67108864 (100.0%)
E       Greatest absolute difference: 591.0 at index (122, 33) (up to 0.01 allowed)
E       Greatest relative difference: 13520.0 at index (49, 8) (up to 0.001 allowed)

utils.py:34: AssertionError
=========================== short test summary info ============================
FAILED tests/test_step06.py::test_persistent[1024] - AssertionError: Tensor-l...
FAILED tests/test_step06.py::test_persistent[2048] - AssertionError: Tensor-l...
FAILED tests/test_step06.py::test_persistent[4096] - AssertionError: Tensor-l...
FAILED tests/test_step06.py::test_persistent[8192] - AssertionError: Tensor-l...
============================== 4 failed in 12.91s ==============================
  Step 6 FAILED (exit code 1)

Failed steps: [6]
Stopping app - uncaught exception raised locally: SystemExit(1).
Runner terminated.

========================================
Run completed at Mon Apr  6 08:58:28 EDT 2026
