========================================
Modal run output - Started at Wed Apr  8 20:59:07 EDT 2026
Steps: 10
========================================
Running: modal run run_modal.py --step 10

✓ Initialized. View run at https://modal.com/apps/tylery/main/ap-30pdANiJeo6QM7k2wQtyZX
✓ Created objects.
├── 🔨 Created mount /Users/tyleryang/Developer/15-442/tirx-gemm/run_modal.py
├── 🔨 Created mount /Users/tyleryang/Developer/15-442/tirx-gemm
├── 🔨 Created function run_tests.
└── 🔨 Created function run_inspect.
Running step 10: tests/test_step10.py

==========
== CUDA ==
==========

CUDA Version 13.0.0

Container image Copyright (c) 2016-2023, NVIDIA CORPORATION & AFFILIATES. All rights reserved.

This container image and its contents are governed by the NVIDIA Deep Learning Container License.
By pulling and using the container, you accept the terms and conditions of this license:
https://developer.nvidia.com/ngc/nvidia-deep-learning-container-license

A copy of this license is made available in this container at /NGC-DL-CONTAINER-LICENSE for your convenience.

============================= test session starts ==============================
platform linux -- Python 3.12.1, pytest-9.0.2, pluggy-1.6.0 -- /usr/local/bin/python
cachedir: .pytest_cache
rootdir: /workspace
configfile: pyproject.toml
[00:59:26] /workspace/tvm/src/target/llvm/llvm_instance.cc:219: Error: Using LLVM 19.1.7 with `-mcpu=apple-m1` is not valid in `-mtriple=arm64-apple-macos`, using default `-mcpu=generic`
[00:59:26] /workspace/tvm/src/target/llvm/llvm_instance.cc:219: Error: Using LLVM 19.1.7 with `-mcpu=apple-m1` is not valid in `-mtriple=arm64-apple-macos`, using default `-mcpu=generic`
[00:59:26] /workspace/tvm/src/target/llvm/llvm_instance.cc:219: Error: Using LLVM 19.1.7 with `-mcpu=apple-m2` is not valid in `-mtriple=arm64-apple-macos`, using default `-mcpu=generic`
[00:59:26] /workspace/tvm/src/target/llvm/llvm_instance.cc:219: Error: Using LLVM 19.1.7 with `-mcpu=apple-m2` is not valid in `-mtriple=arm64-apple-macos`, using default `-mcpu=generic`
[00:59:26] /workspace/tvm/src/target/llvm/llvm_instance.cc:219: Error: Using LLVM 19.1.7 with `-mcpu=apple-m1` is not valid in `-mtriple=arm64-apple-macos`, using default `-mcpu=generic`
[00:59:26] /workspace/tvm/src/target/llvm/llvm_instance.cc:219: Error: Using LLVM 19.1.7 with `-mcpu=apple-m1` is not valid in `-mtriple=arm64-apple-macos`, using default `-mcpu=generic`
collecting ... collected 4 items

error: Undefined variable: writeback_logic
 --> /workspace/tests/../gemm_kernels.py:1800:21
      |  
 1800 |                      writeback_logic(wg_id, wb_phase)
      |                      ^^^^^^^^^^^^^^^^^^^^^^^^^^^^^^^^
tests/test_step10.py::test_multi_consumer[1024] FAILED
error: Undefined variable: writeback_logic
 --> /workspace/tests/../gemm_kernels.py:1800:21
      |  
 1800 |                      writeback_logic(wg_id, wb_phase)
      |                      ^^^^^^^^^^^^^^^^^^^^^^^^^^^^^^^^
tests/test_step10.py::test_multi_consumer[2048] FAILED
error: Undefined variable: writeback_logic
 --> /workspace/tests/../gemm_kernels.py:1800:21
      |  
 1800 |                      writeback_logic(wg_id, wb_phase)
      |                      ^^^^^^^^^^^^^^^^^^^^^^^^^^^^^^^^
tests/test_step10.py::test_multi_consumer[4096] FAILED
error: Undefined variable: writeback_logic
 --> /workspace/tests/../gemm_kernels.py:1800:21
      |  
 1800 |                      writeback_logic(wg_id, wb_phase)
      |                      ^^^^^^^^^^^^^^^^^^^^^^^^^^^^^^^^
tests/test_step10.py::test_multi_consumer[8192] FAILED

=================================== FAILURES ===================================
__________________________ test_multi_consumer[1024] ___________________________

self = <tvm.script.parser.core.parser.Parser object at 0x2bad42a106e0>
node = <tvm.script.parser.core.doc_core.Expr object at 0x2bad4bdbdeb0>

    def _wrapper(self: "Parser", node: doc.AST) -> None:
        try:
>           return func(self, node)
                   ^^^^^^^^^^^^^^^^

/usr/local/lib/python3.12/site-packages/tvm/script/parser/core/parser.py:337: 
_ _ _ _ _ _ _ _ _ _ _ _ _ _ _ _ _ _ _ _ _ _ _ _ _ _ _ _ _ _ _ _ _ _ _ _ _ _ _ _ 
/usr/local/lib/python3.12/site-packages/tvm/script/parser/tir/parser.py:716: in visit_expr_stmt
    res = self.eval_expr(node.value)
          ^^^^^^^^^^^^^^^^^^^^^^^^^^
/usr/local/lib/python3.12/site-packages/tvm/script/parser/core/parser.py:527: in eval_expr
    return eval_expr(self, node, var_values)
           ^^^^^^^^^^^^^^^^^^^^^^^^^^^^^^^^^
/usr/local/lib/python3.12/site-packages/tvm/script/parser/core/evaluator.py:466: in eval_expr
    return ExprEvaluator.eval(parser, value_table, node)
           ^^^^^^^^^^^^^^^^^^^^^^^^^^^^^^^^^^^^^^^^^^^^^
/usr/local/lib/python3.12/site-packages/tvm/script/parser/core/evaluator.py:121: in eval
    result = self._visit(node)  # pylint: disable=protected-access
             ^^^^^^^^^^^^^^^^^
/usr/local/lib/python3.12/site-packages/tvm/script/parser/core/evaluator.py:248: in _visit
    fields[field] = self._visit(attr)
                    ^^^^^^^^^^^^^^^^^
_ _ _ _ _ _ _ _ _ _ _ _ _ _ _ _ _ _ _ _ _ _ _ _ _ _ _ _ _ _ _ _ _ _ _ _ _ _ _ _ 

self = <tvm.script.parser.core.evaluator.ExprEvaluator object at 0x2bad4bd55fa0>
node = <tvm.script.parser.core.doc_core.Name object at 0x2bad4bdbdf10>

    def _visit(self, node: doc.AST) -> Any:
        """General doc AST node visiting method for expression evaluation.
    
        Parameters
        ----------
        node : doc.AST
            The root node of AST tree node of expression to evaluate.
    
        Returns
        -------
        res : Any
            The evaluation result.
        """
        args = []
        if (
            isinstance(node, doc.Call)
            and hasattr(node.func, "attr")
            and node.func.attr not in ["reads", "writes", "match_buffer"]
        ) or isinstance(node, doc.BinOp | doc.UnaryOp | doc.Compare | doc.BoolOp | doc.IfExp):
            if isinstance(node, doc.BinOp):
                args = [node.left, node.right]
            elif isinstance(node, doc.UnaryOp):
                args = [node.operand]
            elif isinstance(node, doc.Compare):
                args = [node.left, *node.comparators]
            elif isinstance(node, doc.IfExp):
                args = [node.test, node.body, node.orelse]
            elif isinstance(node, doc.Call):
                args = node.args
            elif isinstance(node, doc.BoolOp):
                args = node.values
        for arg in args:
            if isinstance(arg, doc.Subscript) and isinstance(arg.slice, doc.Slice | doc.Tuple):
                if isinstance(arg.slice, doc.Slice):
                    check_slices = [arg.slice]
                else:
                    check_slices = []
                    for p in arg.slice.elts:
                        if isinstance(p, doc.Slice):
                            check_slices.append(p)
                for s in check_slices:
                    if not s.step and s.upper and s.lower:
                        s.step = doc.Constant(
                            1,
                            None,
                            s.upper.lineno,
                            s.upper.end_col_offset + 1,
                            s.upper.lineno,
                            s.upper.end_col_offset + 2,
                        )
        if isinstance(node, list):
            return [self._visit(n) for n in node]
        if isinstance(node, tuple):
            return tuple(self._visit(n) for n in node)
        assert isinstance(node, doc.AST)
        if isinstance(node, doc.Name):
            if node.id not in self.value_table and not _get_builtin_or_none(node.id):
>               raise ParserError(node, f"Undefined variable: {node.id}")
E               tvm.script.parser.core.error.ParserError: Undefined variable: writeback_logic

/usr/local/lib/python3.12/site-packages/tvm/script/parser/core/evaluator.py:218: ParserError

During handling of the above exception, another exception occurred:

size = 1024

    @pytest.mark.parametrize("size", [1024, 2048, 4096, 8192])
    def test_multi_consumer(size):
        M, N, K = size, size, size
>       kernel = hgemm_v10(M, N, K)
                 ^^^^^^^^^^^^^^^^^^

tests/test_step10.py:11: 
_ _ _ _ _ _ _ _ _ _ _ _ _ _ _ _ _ _ _ _ _ _ _ _ _ _ _ _ _ _ _ _ _ _ _ _ _ _ _ _ 
gemm_kernels.py:1598: in hgemm_v10
    @Tx.prim_func(tirx=True)
     ^^^^^^^^^^^^^^^^^^^^^^^
/usr/local/lib/python3.12/site-packages/tvm/script/parser/tir/entry.py:70: in decorator_wrapper
    f = parse(
/usr/local/lib/python3.12/site-packages/tvm/script/parser/core/entry.py:110: in parse
    parser.parse(extra_vars=extra_vars)
/usr/local/lib/python3.12/site-packages/tvm/script/parser/core/parser.py:407: in parse
    self.visit(node)
/usr/local/lib/python3.12/site-packages/tvm/script/parser/core/parser.py:664: in visit
    self.report_error(node, err)
/usr/local/lib/python3.12/site-packages/tvm/script/parser/core/parser.py:613: in report_error
    raise err
/usr/local/lib/python3.12/site-packages/tvm/script/parser/core/parser.py:662: in visit
    func(node)
/usr/local/lib/python3.12/site-packages/tvm/script/parser/core/doc.py:250: in generic_visit
    self.visit(value)
/usr/local/lib/python3.12/site-packages/tvm/script/parser/core/parser.py:650: in visit
    self.visit(item)
/usr/local/lib/python3.12/site-packages/tvm/script/parser/core/parser.py:664: in visit
    self.report_error(node, err)
/usr/local/lib/python3.12/site-packages/tvm/script/parser/core/parser.py:613: in report_error
    raise err
/usr/local/lib/python3.12/site-packages/tvm/script/parser/core/parser.py:662: in visit
    func(node)
/usr/local/lib/python3.12/site-packages/tvm/script/parser/core/parser.py:715: in visit_FunctionDef
    _dispatch_wrapper(func)(self, node)
/usr/local/lib/python3.12/site-packages/tvm/script/parser/core/parser.py:339: in _wrapper
    self.report_error(node, err)
/usr/local/lib/python3.12/site-packages/tvm/script/parser/core/parser.py:613: in report_error
    raise err
/usr/local/lib/python3.12/site-packages/tvm/script/parser/core/parser.py:337: in _wrapper
    return func(self, node)
           ^^^^^^^^^^^^^^^^
/usr/local/lib/python3.12/site-packages/tvm/script/parser/tir/parser.py:639: in visit_function_def
    self.visit_body(node.body)
/usr/local/lib/python3.12/site-packages/tvm/script/parser/core/parser.py:680: in visit_body
    self.visit(stmt)
/usr/local/lib/python3.12/site-packages/tvm/script/parser/core/parser.py:664: in visit
    self.report_error(node, err)
/usr/local/lib/python3.12/site-packages/tvm/script/parser/core/parser.py:613: in report_error
    raise err
/usr/local/lib/python3.12/site-packages/tvm/script/parser/core/parser.py:662: in visit
    func(node)
/usr/local/lib/python3.12/site-packages/tvm/script/parser/core/parser.py:799: in visit_With
    return _dispatch(self, "With")(self, node)
           ^^^^^^^^^^^^^^^^^^^^^^^^^^^^^^^^^^^
/usr/local/lib/python3.12/site-packages/tvm/script/parser/core/parser.py:339: in _wrapper
    self.report_error(node, err)
/usr/local/lib/python3.12/site-packages/tvm/script/parser/core/parser.py:613: in report_error
    raise err
/usr/local/lib/python3.12/site-packages/tvm/script/parser/core/parser.py:337: in _wrapper
    return func(self, node)
           ^^^^^^^^^^^^^^^^
/usr/local/lib/python3.12/site-packages/tvm/script/parser/tir/parser.py:584: in visit_with
    self.visit_body(node.body)
/usr/local/lib/python3.12/site-packages/tvm/script/parser/core/parser.py:680: in visit_body
    self.visit(stmt)
/usr/local/lib/python3.12/site-packages/tvm/script/parser/core/parser.py:664: in visit
    self.report_error(node, err)
/usr/local/lib/python3.12/site-packages/tvm/script/parser/core/parser.py:613: in report_error
    raise err
/usr/local/lib/python3.12/site-packages/tvm/script/parser/core/parser.py:662: in visit
    func(node)
/usr/local/lib/python3.12/site-packages/tvm/script/parser/core/parser.py:859: in visit_If
    return _dispatch(self, "If")(self, node)
           ^^^^^^^^^^^^^^^^^^^^^^^^^^^^^^^^^
/usr/local/lib/python3.12/site-packages/tvm/script/parser/core/parser.py:339: in _wrapper
    self.report_error(node, err)
/usr/local/lib/python3.12/site-packages/tvm/script/parser/core/parser.py:613: in report_error
    raise err
/usr/local/lib/python3.12/site-packages/tvm/script/parser/core/parser.py:337: in _wrapper
    return func(self, node)
           ^^^^^^^^^^^^^^^^
/usr/local/lib/python3.12/site-packages/tvm/script/parser/tir/parser.py:767: in visit_if
    self.visit_body(node.orelse)
/usr/local/lib/python3.12/site-packages/tvm/script/parser/core/parser.py:680: in visit_body
    self.visit(stmt)
/usr/local/lib/python3.12/site-packages/tvm/script/parser/core/parser.py:664: in visit
    self.report_error(node, err)
/usr/local/lib/python3.12/site-packages/tvm/script/parser/core/parser.py:613: in report_error
    raise err
/usr/local/lib/python3.12/site-packages/tvm/script/parser/core/parser.py:662: in visit
    func(node)
/usr/local/lib/python3.12/site-packages/tvm/script/parser/core/parser.py:859: in visit_If
    return _dispatch(self, "If")(self, node)
           ^^^^^^^^^^^^^^^^^^^^^^^^^^^^^^^^^
/usr/local/lib/python3.12/site-packages/tvm/script/parser/core/parser.py:339: in _wrapper
    self.report_error(node, err)
/usr/local/lib/python3.12/site-packages/tvm/script/parser/core/parser.py:613: in report_error
    raise err
/usr/local/lib/python3.12/site-packages/tvm/script/parser/core/parser.py:337: in _wrapper
    return func(self, node)
           ^^^^^^^^^^^^^^^^
/usr/local/lib/python3.12/site-packages/tvm/script/parser/tir/parser.py:763: in visit_if
    self.visit_body(node.body)
/usr/local/lib/python3.12/site-packages/tvm/script/parser/core/parser.py:680: in visit_body
    self.visit(stmt)
/usr/local/lib/python3.12/site-packages/tvm/script/parser/core/parser.py:664: in visit
    self.report_error(node, err)
/usr/local/lib/python3.12/site-packages/tvm/script/parser/core/parser.py:613: in report_error
    raise err
/usr/local/lib/python3.12/site-packages/tvm/script/parser/core/parser.py:662: in visit
    func(node)
/usr/local/lib/python3.12/site-packages/tvm/script/parser/core/parser.py:844: in visit_Expr
    return _dispatch(self, "Expr")(self, node)
           ^^^^^^^^^^^^^^^^^^^^^^^^^^^^^^^^^^^
/usr/local/lib/python3.12/site-packages/tvm/script/parser/core/parser.py:339: in _wrapper
    self.report_error(node, err)
/usr/local/lib/python3.12/site-packages/tvm/script/parser/core/parser.py:633: in report_error
    raise diag_err
/usr/local/lib/python3.12/site-packages/tvm/script/parser/core/parser.py:337: in _wrapper
    return func(self, node)
           ^^^^^^^^^^^^^^^^
/usr/local/lib/python3.12/site-packages/tvm/script/parser/tir/parser.py:716: in visit_expr_stmt
    res = self.eval_expr(node.value)
          ^^^^^^^^^^^^^^^^^^^^^^^^^^
/usr/local/lib/python3.12/site-packages/tvm/script/parser/core/parser.py:527: in eval_expr
    return eval_expr(self, node, var_values)
           ^^^^^^^^^^^^^^^^^^^^^^^^^^^^^^^^^
/usr/local/lib/python3.12/site-packages/tvm/script/parser/core/evaluator.py:466: in eval_expr
    return ExprEvaluator.eval(parser, value_table, node)
           ^^^^^^^^^^^^^^^^^^^^^^^^^^^^^^^^^^^^^^^^^^^^^
/usr/local/lib/python3.12/site-packages/tvm/script/parser/core/evaluator.py:121: in eval
    result = self._visit(node)  # pylint: disable=protected-access
             ^^^^^^^^^^^^^^^^^
/usr/local/lib/python3.12/site-packages/tvm/script/parser/core/evaluator.py:248: in _visit
    fields[field] = self._visit(attr)
                    ^^^^^^^^^^^^^^^^^
_ _ _ _ _ _ _ _ _ _ _ _ _ _ _ _ _ _ _ _ _ _ _ _ _ _ _ _ _ _ _ _ _ _ _ _ _ _ _ _ 

self = <tvm.script.parser.core.evaluator.ExprEvaluator object at 0x2bad4bd55fa0>
node = <tvm.script.parser.core.doc_core.Name object at 0x2bad4bdbdf10>

    def _visit(self, node: doc.AST) -> Any:
        """General doc AST node visiting method for expression evaluation.
    
        Parameters
        ----------
        node : doc.AST
            The root node of AST tree node of expression to evaluate.
    
        Returns
        -------
        res : Any
            The evaluation result.
        """
        args = []
        if (
            isinstance(node, doc.Call)
            and hasattr(node.func, "attr")
            and node.func.attr not in ["reads", "writes", "match_buffer"]
        ) or isinstance(node, doc.BinOp | doc.UnaryOp | doc.Compare | doc.BoolOp | doc.IfExp):
            if isinstance(node, doc.BinOp):
                args = [node.left, node.right]
            elif isinstance(node, doc.UnaryOp):
                args = [node.operand]
            elif isinstance(node, doc.Compare):
                args = [node.left, *node.comparators]
            elif isinstance(node, doc.IfExp):
                args = [node.test, node.body, node.orelse]
            elif isinstance(node, doc.Call):
                args = node.args
            elif isinstance(node, doc.BoolOp):
                args = node.values
        for arg in args:
            if isinstance(arg, doc.Subscript) and isinstance(arg.slice, doc.Slice | doc.Tuple):
                if isinstance(arg.slice, doc.Slice):
                    check_slices = [arg.slice]
                else:
                    check_slices = []
                    for p in arg.slice.elts:
                        if isinstance(p, doc.Slice):
                            check_slices.append(p)
                for s in check_slices:
                    if not s.step and s.upper and s.lower:
                        s.step = doc.Constant(
                            1,
                            None,
                            s.upper.lineno,
                            s.upper.end_col_offset + 1,
                            s.upper.lineno,
                            s.upper.end_col_offset + 2,
                        )
        if isinstance(node, list):
            return [self._visit(n) for n in node]
        if isinstance(node, tuple):
            return tuple(self._visit(n) for n in node)
        assert isinstance(node, doc.AST)
        if isinstance(node, doc.Name):
            if node.id not in self.value_table and not _get_builtin_or_none(node.id):
>               raise ParserError(node, f"Undefined variable: {node.id}")
E               tvm.error.DiagnosticError: one or more error diagnostics were emitted, please check diagnostic render for output.

/usr/local/lib/python3.12/site-packages/tvm/script/parser/core/evaluator.py:218: DiagnosticError
__________________________ test_multi_consumer[2048] ___________________________

self = <tvm.script.parser.core.parser.Parser object at 0x2bad4be58ef0>
node = <tvm.script.parser.core.doc_core.Expr object at 0x2bad4befe330>

    def _wrapper(self: "Parser", node: doc.AST) -> None:
        try:
>           return func(self, node)
                   ^^^^^^^^^^^^^^^^

/usr/local/lib/python3.12/site-packages/tvm/script/parser/core/parser.py:337: 
_ _ _ _ _ _ _ _ _ _ _ _ _ _ _ _ _ _ _ _ _ _ _ _ _ _ _ _ _ _ _ _ _ _ _ _ _ _ _ _ 
/usr/local/lib/python3.12/site-packages/tvm/script/parser/tir/parser.py:716: in visit_expr_stmt
    res = self.eval_expr(node.value)
          ^^^^^^^^^^^^^^^^^^^^^^^^^^
/usr/local/lib/python3.12/site-packages/tvm/script/parser/core/parser.py:527: in eval_expr
    return eval_expr(self, node, var_values)
           ^^^^^^^^^^^^^^^^^^^^^^^^^^^^^^^^^
/usr/local/lib/python3.12/site-packages/tvm/script/parser/core/evaluator.py:466: in eval_expr
    return ExprEvaluator.eval(parser, value_table, node)
           ^^^^^^^^^^^^^^^^^^^^^^^^^^^^^^^^^^^^^^^^^^^^^
/usr/local/lib/python3.12/site-packages/tvm/script/parser/core/evaluator.py:121: in eval
    result = self._visit(node)  # pylint: disable=protected-access
             ^^^^^^^^^^^^^^^^^
/usr/local/lib/python3.12/site-packages/tvm/script/parser/core/evaluator.py:248: in _visit
    fields[field] = self._visit(attr)
                    ^^^^^^^^^^^^^^^^^
_ _ _ _ _ _ _ _ _ _ _ _ _ _ _ _ _ _ _ _ _ _ _ _ _ _ _ _ _ _ _ _ _ _ _ _ _ _ _ _ 

self = <tvm.script.parser.core.evaluator.ExprEvaluator object at 0x2bad4be4aff0>
node = <tvm.script.parser.core.doc_core.Name object at 0x2bad4befe390>

    def _visit(self, node: doc.AST) -> Any:
        """General doc AST node visiting method for expression evaluation.
    
        Parameters
        ----------
        node : doc.AST
            The root node of AST tree node of expression to evaluate.
    
        Returns
        -------
        res : Any
            The evaluation result.
        """
        args = []
        if (
            isinstance(node, doc.Call)
            and hasattr(node.func, "attr")
            and node.func.attr not in ["reads", "writes", "match_buffer"]
        ) or isinstance(node, doc.BinOp | doc.UnaryOp | doc.Compare | doc.BoolOp | doc.IfExp):
            if isinstance(node, doc.BinOp):
                args = [node.left, node.right]
            elif isinstance(node, doc.UnaryOp):
                args = [node.operand]
            elif isinstance(node, doc.Compare):
                args = [node.left, *node.comparators]
            elif isinstance(node, doc.IfExp):
                args = [node.test, node.body, node.orelse]
            elif isinstance(node, doc.Call):
                args = node.args
            elif isinstance(node, doc.BoolOp):
                args = node.values
        for arg in args:
            if isinstance(arg, doc.Subscript) and isinstance(arg.slice, doc.Slice | doc.Tuple):
                if isinstance(arg.slice, doc.Slice):
                    check_slices = [arg.slice]
                else:
                    check_slices = []
                    for p in arg.slice.elts:
                        if isinstance(p, doc.Slice):
                            check_slices.append(p)
                for s in check_slices:
                    if not s.step and s.upper and s.lower:
                        s.step = doc.Constant(
                            1,
                            None,
                            s.upper.lineno,
                            s.upper.end_col_offset + 1,
                            s.upper.lineno,
                            s.upper.end_col_offset + 2,
                        )
        if isinstance(node, list):
            return [self._visit(n) for n in node]
        if isinstance(node, tuple):
            return tuple(self._visit(n) for n in node)
        assert isinstance(node, doc.AST)
        if isinstance(node, doc.Name):
            if node.id not in self.value_table and not _get_builtin_or_none(node.id):
>               raise ParserError(node, f"Undefined variable: {node.id}")
E               tvm.script.parser.core.error.ParserError: Undefined variable: writeback_logic

/usr/local/lib/python3.12/site-packages/tvm/script/parser/core/evaluator.py:218: ParserError

During handling of the above exception, another exception occurred:

size = 2048

    @pytest.mark.parametrize("size", [1024, 2048, 4096, 8192])
    def test_multi_consumer(size):
        M, N, K = size, size, size
>       kernel = hgemm_v10(M, N, K)
                 ^^^^^^^^^^^^^^^^^^

tests/test_step10.py:11: 
_ _ _ _ _ _ _ _ _ _ _ _ _ _ _ _ _ _ _ _ _ _ _ _ _ _ _ _ _ _ _ _ _ _ _ _ _ _ _ _ 
gemm_kernels.py:1598: in hgemm_v10
    @Tx.prim_func(tirx=True)
     ^^^^^^^^^^^^^^^^^^^^^^^
/usr/local/lib/python3.12/site-packages/tvm/script/parser/tir/entry.py:70: in decorator_wrapper
    f = parse(
/usr/local/lib/python3.12/site-packages/tvm/script/parser/core/entry.py:110: in parse
    parser.parse(extra_vars=extra_vars)
/usr/local/lib/python3.12/site-packages/tvm/script/parser/core/parser.py:407: in parse
    self.visit(node)
/usr/local/lib/python3.12/site-packages/tvm/script/parser/core/parser.py:664: in visit
    self.report_error(node, err)
/usr/local/lib/python3.12/site-packages/tvm/script/parser/core/parser.py:613: in report_error
    raise err
/usr/local/lib/python3.12/site-packages/tvm/script/parser/core/parser.py:662: in visit
    func(node)
/usr/local/lib/python3.12/site-packages/tvm/script/parser/core/doc.py:250: in generic_visit
    self.visit(value)
/usr/local/lib/python3.12/site-packages/tvm/script/parser/core/parser.py:650: in visit
    self.visit(item)
/usr/local/lib/python3.12/site-packages/tvm/script/parser/core/parser.py:664: in visit
    self.report_error(node, err)
/usr/local/lib/python3.12/site-packages/tvm/script/parser/core/parser.py:613: in report_error
    raise err
/usr/local/lib/python3.12/site-packages/tvm/script/parser/core/parser.py:662: in visit
    func(node)
/usr/local/lib/python3.12/site-packages/tvm/script/parser/core/parser.py:715: in visit_FunctionDef
    _dispatch_wrapper(func)(self, node)
/usr/local/lib/python3.12/site-packages/tvm/script/parser/core/parser.py:339: in _wrapper
    self.report_error(node, err)
/usr/local/lib/python3.12/site-packages/tvm/script/parser/core/parser.py:613: in report_error
    raise err
/usr/local/lib/python3.12/site-packages/tvm/script/parser/core/parser.py:337: in _wrapper
    return func(self, node)
           ^^^^^^^^^^^^^^^^
/usr/local/lib/python3.12/site-packages/tvm/script/parser/tir/parser.py:639: in visit_function_def
    self.visit_body(node.body)
/usr/local/lib/python3.12/site-packages/tvm/script/parser/core/parser.py:680: in visit_body
    self.visit(stmt)
/usr/local/lib/python3.12/site-packages/tvm/script/parser/core/parser.py:664: in visit
    self.report_error(node, err)
/usr/local/lib/python3.12/site-packages/tvm/script/parser/core/parser.py:613: in report_error
    raise err
/usr/local/lib/python3.12/site-packages/tvm/script/parser/core/parser.py:662: in visit
    func(node)
/usr/local/lib/python3.12/site-packages/tvm/script/parser/core/parser.py:799: in visit_With
    return _dispatch(self, "With")(self, node)
           ^^^^^^^^^^^^^^^^^^^^^^^^^^^^^^^^^^^
/usr/local/lib/python3.12/site-packages/tvm/script/parser/core/parser.py:339: in _wrapper
    self.report_error(node, err)
/usr/local/lib/python3.12/site-packages/tvm/script/parser/core/parser.py:613: in report_error
    raise err
/usr/local/lib/python3.12/site-packages/tvm/script/parser/core/parser.py:337: in _wrapper
    return func(self, node)
           ^^^^^^^^^^^^^^^^
/usr/local/lib/python3.12/site-packages/tvm/script/parser/tir/parser.py:584: in visit_with
    self.visit_body(node.body)
/usr/local/lib/python3.12/site-packages/tvm/script/parser/core/parser.py:680: in visit_body
    self.visit(stmt)
/usr/local/lib/python3.12/site-packages/tvm/script/parser/core/parser.py:664: in visit
    self.report_error(node, err)
/usr/local/lib/python3.12/site-packages/tvm/script/parser/core/parser.py:613: in report_error
    raise err
/usr/local/lib/python3.12/site-packages/tvm/script/parser/core/parser.py:662: in visit
    func(node)
/usr/local/lib/python3.12/site-packages/tvm/script/parser/core/parser.py:859: in visit_If
    return _dispatch(self, "If")(self, node)
           ^^^^^^^^^^^^^^^^^^^^^^^^^^^^^^^^^
/usr/local/lib/python3.12/site-packages/tvm/script/parser/core/parser.py:339: in _wrapper
    self.report_error(node, err)
/usr/local/lib/python3.12/site-packages/tvm/script/parser/core/parser.py:613: in report_error
    raise err
/usr/local/lib/python3.12/site-packages/tvm/script/parser/core/parser.py:337: in _wrapper
    return func(self, node)
           ^^^^^^^^^^^^^^^^
/usr/local/lib/python3.12/site-packages/tvm/script/parser/tir/parser.py:767: in visit_if
    self.visit_body(node.orelse)
/usr/local/lib/python3.12/site-packages/tvm/script/parser/core/parser.py:680: in visit_body
    self.visit(stmt)
/usr/local/lib/python3.12/site-packages/tvm/script/parser/core/parser.py:664: in visit
    self.report_error(node, err)
/usr/local/lib/python3.12/site-packages/tvm/script/parser/core/parser.py:613: in report_error
    raise err
/usr/local/lib/python3.12/site-packages/tvm/script/parser/core/parser.py:662: in visit
    func(node)
/usr/local/lib/python3.12/site-packages/tvm/script/parser/core/parser.py:859: in visit_If
    return _dispatch(self, "If")(self, node)
           ^^^^^^^^^^^^^^^^^^^^^^^^^^^^^^^^^
/usr/local/lib/python3.12/site-packages/tvm/script/parser/core/parser.py:339: in _wrapper
    self.report_error(node, err)
/usr/local/lib/python3.12/site-packages/tvm/script/parser/core/parser.py:613: in report_error
    raise err
/usr/local/lib/python3.12/site-packages/tvm/script/parser/core/parser.py:337: in _wrapper
    return func(self, node)
           ^^^^^^^^^^^^^^^^
/usr/local/lib/python3.12/site-packages/tvm/script/parser/tir/parser.py:763: in visit_if
    self.visit_body(node.body)
/usr/local/lib/python3.12/site-packages/tvm/script/parser/core/parser.py:680: in visit_body
    self.visit(stmt)
/usr/local/lib/python3.12/site-packages/tvm/script/parser/core/parser.py:664: in visit
    self.report_error(node, err)
/usr/local/lib/python3.12/site-packages/tvm/script/parser/core/parser.py:613: in report_error
    raise err
/usr/local/lib/python3.12/site-packages/tvm/script/parser/core/parser.py:662: in visit
    func(node)
/usr/local/lib/python3.12/site-packages/tvm/script/parser/core/parser.py:844: in visit_Expr
    return _dispatch(self, "Expr")(self, node)
           ^^^^^^^^^^^^^^^^^^^^^^^^^^^^^^^^^^^
/usr/local/lib/python3.12/site-packages/tvm/script/parser/core/parser.py:339: in _wrapper
    self.report_error(node, err)
/usr/local/lib/python3.12/site-packages/tvm/script/parser/core/parser.py:633: in report_error
    raise diag_err
/usr/local/lib/python3.12/site-packages/tvm/script/parser/core/parser.py:337: in _wrapper
    return func(self, node)
           ^^^^^^^^^^^^^^^^
/usr/local/lib/python3.12/site-packages/tvm/script/parser/tir/parser.py:716: in visit_expr_stmt
    res = self.eval_expr(node.value)
          ^^^^^^^^^^^^^^^^^^^^^^^^^^
/usr/local/lib/python3.12/site-packages/tvm/script/parser/core/parser.py:527: in eval_expr
    return eval_expr(self, node, var_values)
           ^^^^^^^^^^^^^^^^^^^^^^^^^^^^^^^^^
/usr/local/lib/python3.12/site-packages/tvm/script/parser/core/evaluator.py:466: in eval_expr
    return ExprEvaluator.eval(parser, value_table, node)
           ^^^^^^^^^^^^^^^^^^^^^^^^^^^^^^^^^^^^^^^^^^^^^
/usr/local/lib/python3.12/site-packages/tvm/script/parser/core/evaluator.py:121: in eval
    result = self._visit(node)  # pylint: disable=protected-access
             ^^^^^^^^^^^^^^^^^
/usr/local/lib/python3.12/site-packages/tvm/script/parser/core/evaluator.py:248: in _visit
    fields[field] = self._visit(attr)
                    ^^^^^^^^^^^^^^^^^
_ _ _ _ _ _ _ _ _ _ _ _ _ _ _ _ _ _ _ _ _ _ _ _ _ _ _ _ _ _ _ _ _ _ _ _ _ _ _ _ 

self = <tvm.script.parser.core.evaluator.ExprEvaluator object at 0x2bad4be4aff0>
node = <tvm.script.parser.core.doc_core.Name object at 0x2bad4befe390>

    def _visit(self, node: doc.AST) -> Any:
        """General doc AST node visiting method for expression evaluation.
    
        Parameters
        ----------
        node : doc.AST
            The root node of AST tree node of expression to evaluate.
    
        Returns
        -------
        res : Any
            The evaluation result.
        """
        args = []
        if (
            isinstance(node, doc.Call)
            and hasattr(node.func, "attr")
            and node.func.attr not in ["reads", "writes", "match_buffer"]
        ) or isinstance(node, doc.BinOp | doc.UnaryOp | doc.Compare | doc.BoolOp | doc.IfExp):
            if isinstance(node, doc.BinOp):
                args = [node.left, node.right]
            elif isinstance(node, doc.UnaryOp):
                args = [node.operand]
            elif isinstance(node, doc.Compare):
                args = [node.left, *node.comparators]
            elif isinstance(node, doc.IfExp):
                args = [node.test, node.body, node.orelse]
            elif isinstance(node, doc.Call):
                args = node.args
            elif isinstance(node, doc.BoolOp):
                args = node.values
        for arg in args:
            if isinstance(arg, doc.Subscript) and isinstance(arg.slice, doc.Slice | doc.Tuple):
                if isinstance(arg.slice, doc.Slice):
                    check_slices = [arg.slice]
                else:
                    check_slices = []
                    for p in arg.slice.elts:
                        if isinstance(p, doc.Slice):
                            check_slices.append(p)
                for s in check_slices:
                    if not s.step and s.upper and s.lower:
                        s.step = doc.Constant(
                            1,
                            None,
                            s.upper.lineno,
                            s.upper.end_col_offset + 1,
                            s.upper.lineno,
                            s.upper.end_col_offset + 2,
                        )
        if isinstance(node, list):
            return [self._visit(n) for n in node]
        if isinstance(node, tuple):
            return tuple(self._visit(n) for n in node)
        assert isinstance(node, doc.AST)
        if isinstance(node, doc.Name):
            if node.id not in self.value_table and not _get_builtin_or_none(node.id):
>               raise ParserError(node, f"Undefined variable: {node.id}")
E               tvm.error.DiagnosticError: one or more error diagnostics were emitted, please check diagnostic render for output.

/usr/local/lib/python3.12/site-packages/tvm/script/parser/core/evaluator.py:218: DiagnosticError
__________________________ test_multi_consumer[4096] ___________________________

self = <tvm.script.parser.core.parser.Parser object at 0x2bad5f797890>
node = <tvm.script.parser.core.doc_core.Expr object at 0x2bad4bdb70b0>

    def _wrapper(self: "Parser", node: doc.AST) -> None:
        try:
>           return func(self, node)
                   ^^^^^^^^^^^^^^^^

/usr/local/lib/python3.12/site-packages/tvm/script/parser/core/parser.py:337: 
_ _ _ _ _ _ _ _ _ _ _ _ _ _ _ _ _ _ _ _ _ _ _ _ _ _ _ _ _ _ _ _ _ _ _ _ _ _ _ _ 
/usr/local/lib/python3.12/site-packages/tvm/script/parser/tir/parser.py:716: in visit_expr_stmt
    res = self.eval_expr(node.value)
          ^^^^^^^^^^^^^^^^^^^^^^^^^^
/usr/local/lib/python3.12/site-packages/tvm/script/parser/core/parser.py:527: in eval_expr
    return eval_expr(self, node, var_values)
           ^^^^^^^^^^^^^^^^^^^^^^^^^^^^^^^^^
/usr/local/lib/python3.12/site-packages/tvm/script/parser/core/evaluator.py:466: in eval_expr
    return ExprEvaluator.eval(parser, value_table, node)
           ^^^^^^^^^^^^^^^^^^^^^^^^^^^^^^^^^^^^^^^^^^^^^
/usr/local/lib/python3.12/site-packages/tvm/script/parser/core/evaluator.py:121: in eval
    result = self._visit(node)  # pylint: disable=protected-access
             ^^^^^^^^^^^^^^^^^
/usr/local/lib/python3.12/site-packages/tvm/script/parser/core/evaluator.py:248: in _visit
    fields[field] = self._visit(attr)
                    ^^^^^^^^^^^^^^^^^
_ _ _ _ _ _ _ _ _ _ _ _ _ _ _ _ _ _ _ _ _ _ _ _ _ _ _ _ _ _ _ _ _ _ _ _ _ _ _ _ 

self = <tvm.script.parser.core.evaluator.ExprEvaluator object at 0x2bad4be071a0>
node = <tvm.script.parser.core.doc_core.Name object at 0x2bad4bdb7020>

    def _visit(self, node: doc.AST) -> Any:
        """General doc AST node visiting method for expression evaluation.
    
        Parameters
        ----------
        node : doc.AST
            The root node of AST tree node of expression to evaluate.
    
        Returns
        -------
        res : Any
            The evaluation result.
        """
        args = []
        if (
            isinstance(node, doc.Call)
            and hasattr(node.func, "attr")
            and node.func.attr not in ["reads", "writes", "match_buffer"]
        ) or isinstance(node, doc.BinOp | doc.UnaryOp | doc.Compare | doc.BoolOp | doc.IfExp):
            if isinstance(node, doc.BinOp):
                args = [node.left, node.right]
            elif isinstance(node, doc.UnaryOp):
                args = [node.operand]
            elif isinstance(node, doc.Compare):
                args = [node.left, *node.comparators]
            elif isinstance(node, doc.IfExp):
                args = [node.test, node.body, node.orelse]
            elif isinstance(node, doc.Call):
                args = node.args
            elif isinstance(node, doc.BoolOp):
                args = node.values
        for arg in args:
            if isinstance(arg, doc.Subscript) and isinstance(arg.slice, doc.Slice | doc.Tuple):
                if isinstance(arg.slice, doc.Slice):
                    check_slices = [arg.slice]
                else:
                    check_slices = []
                    for p in arg.slice.elts:
                        if isinstance(p, doc.Slice):
                            check_slices.append(p)
                for s in check_slices:
                    if not s.step and s.upper and s.lower:
                        s.step = doc.Constant(
                            1,
                            None,
                            s.upper.lineno,
                            s.upper.end_col_offset + 1,
                            s.upper.lineno,
                            s.upper.end_col_offset + 2,
                        )
        if isinstance(node, list):
            return [self._visit(n) for n in node]
        if isinstance(node, tuple):
            return tuple(self._visit(n) for n in node)
        assert isinstance(node, doc.AST)
        if isinstance(node, doc.Name):
            if node.id not in self.value_table and not _get_builtin_or_none(node.id):
>               raise ParserError(node, f"Undefined variable: {node.id}")
E               tvm.script.parser.core.error.ParserError: Undefined variable: writeback_logic

/usr/local/lib/python3.12/site-packages/tvm/script/parser/core/evaluator.py:218: ParserError

During handling of the above exception, another exception occurred:

size = 4096

    @pytest.mark.parametrize("size", [1024, 2048, 4096, 8192])
    def test_multi_consumer(size):
        M, N, K = size, size, size
>       kernel = hgemm_v10(M, N, K)
                 ^^^^^^^^^^^^^^^^^^

tests/test_step10.py:11: 
_ _ _ _ _ _ _ _ _ _ _ _ _ _ _ _ _ _ _ _ _ _ _ _ _ _ _ _ _ _ _ _ _ _ _ _ _ _ _ _ 
gemm_kernels.py:1598: in hgemm_v10
    @Tx.prim_func(tirx=True)
     ^^^^^^^^^^^^^^^^^^^^^^^
/usr/local/lib/python3.12/site-packages/tvm/script/parser/tir/entry.py:70: in decorator_wrapper
    f = parse(
/usr/local/lib/python3.12/site-packages/tvm/script/parser/core/entry.py:110: in parse
    parser.parse(extra_vars=extra_vars)
/usr/local/lib/python3.12/site-packages/tvm/script/parser/core/parser.py:407: in parse
    self.visit(node)
/usr/local/lib/python3.12/site-packages/tvm/script/parser/core/parser.py:664: in visit
    self.report_error(node, err)
/usr/local/lib/python3.12/site-packages/tvm/script/parser/core/parser.py:613: in report_error
    raise err
/usr/local/lib/python3.12/site-packages/tvm/script/parser/core/parser.py:662: in visit
    func(node)
/usr/local/lib/python3.12/site-packages/tvm/script/parser/core/doc.py:250: in generic_visit
    self.visit(value)
/usr/local/lib/python3.12/site-packages/tvm/script/parser/core/parser.py:650: in visit
    self.visit(item)
/usr/local/lib/python3.12/site-packages/tvm/script/parser/core/parser.py:664: in visit
    self.report_error(node, err)
/usr/local/lib/python3.12/site-packages/tvm/script/parser/core/parser.py:613: in report_error
    raise err
/usr/local/lib/python3.12/site-packages/tvm/script/parser/core/parser.py:662: in visit
    func(node)
/usr/local/lib/python3.12/site-packages/tvm/script/parser/core/parser.py:715: in visit_FunctionDef
    _dispatch_wrapper(func)(self, node)
/usr/local/lib/python3.12/site-packages/tvm/script/parser/core/parser.py:339: in _wrapper
    self.report_error(node, err)
/usr/local/lib/python3.12/site-packages/tvm/script/parser/core/parser.py:613: in report_error
    raise err
/usr/local/lib/python3.12/site-packages/tvm/script/parser/core/parser.py:337: in _wrapper
    return func(self, node)
           ^^^^^^^^^^^^^^^^
/usr/local/lib/python3.12/site-packages/tvm/script/parser/tir/parser.py:639: in visit_function_def
    self.visit_body(node.body)
/usr/local/lib/python3.12/site-packages/tvm/script/parser/core/parser.py:680: in visit_body
    self.visit(stmt)
/usr/local/lib/python3.12/site-packages/tvm/script/parser/core/parser.py:664: in visit
    self.report_error(node, err)
/usr/local/lib/python3.12/site-packages/tvm/script/parser/core/parser.py:613: in report_error
    raise err
/usr/local/lib/python3.12/site-packages/tvm/script/parser/core/parser.py:662: in visit
    func(node)
/usr/local/lib/python3.12/site-packages/tvm/script/parser/core/parser.py:799: in visit_With
    return _dispatch(self, "With")(self, node)
           ^^^^^^^^^^^^^^^^^^^^^^^^^^^^^^^^^^^
/usr/local/lib/python3.12/site-packages/tvm/script/parser/core/parser.py:339: in _wrapper
    self.report_error(node, err)
/usr/local/lib/python3.12/site-packages/tvm/script/parser/core/parser.py:613: in report_error
    raise err
/usr/local/lib/python3.12/site-packages/tvm/script/parser/core/parser.py:337: in _wrapper
    return func(self, node)
           ^^^^^^^^^^^^^^^^
/usr/local/lib/python3.12/site-packages/tvm/script/parser/tir/parser.py:584: in visit_with
    self.visit_body(node.body)
/usr/local/lib/python3.12/site-packages/tvm/script/parser/core/parser.py:680: in visit_body
    self.visit(stmt)
/usr/local/lib/python3.12/site-packages/tvm/script/parser/core/parser.py:664: in visit
    self.report_error(node, err)
/usr/local/lib/python3.12/site-packages/tvm/script/parser/core/parser.py:613: in report_error
    raise err
/usr/local/lib/python3.12/site-packages/tvm/script/parser/core/parser.py:662: in visit
    func(node)
/usr/local/lib/python3.12/site-packages/tvm/script/parser/core/parser.py:859: in visit_If
    return _dispatch(self, "If")(self, node)
           ^^^^^^^^^^^^^^^^^^^^^^^^^^^^^^^^^
/usr/local/lib/python3.12/site-packages/tvm/script/parser/core/parser.py:339: in _wrapper
    self.report_error(node, err)
/usr/local/lib/python3.12/site-packages/tvm/script/parser/core/parser.py:613: in report_error
    raise err
/usr/local/lib/python3.12/site-packages/tvm/script/parser/core/parser.py:337: in _wrapper
    return func(self, node)
           ^^^^^^^^^^^^^^^^
/usr/local/lib/python3.12/site-packages/tvm/script/parser/tir/parser.py:767: in visit_if
    self.visit_body(node.orelse)
/usr/local/lib/python3.12/site-packages/tvm/script/parser/core/parser.py:680: in visit_body
    self.visit(stmt)
/usr/local/lib/python3.12/site-packages/tvm/script/parser/core/parser.py:664: in visit
    self.report_error(node, err)
/usr/local/lib/python3.12/site-packages/tvm/script/parser/core/parser.py:613: in report_error
    raise err
/usr/local/lib/python3.12/site-packages/tvm/script/parser/core/parser.py:662: in visit
    func(node)
/usr/local/lib/python3.12/site-packages/tvm/script/parser/core/parser.py:859: in visit_If
    return _dispatch(self, "If")(self, node)
           ^^^^^^^^^^^^^^^^^^^^^^^^^^^^^^^^^
/usr/local/lib/python3.12/site-packages/tvm/script/parser/core/parser.py:339: in _wrapper
    self.report_error(node, err)
/usr/local/lib/python3.12/site-packages/tvm/script/parser/core/parser.py:613: in report_error
    raise err
/usr/local/lib/python3.12/site-packages/tvm/script/parser/core/parser.py:337: in _wrapper
    return func(self, node)
           ^^^^^^^^^^^^^^^^
/usr/local/lib/python3.12/site-packages/tvm/script/parser/tir/parser.py:763: in visit_if
    self.visit_body(node.body)
/usr/local/lib/python3.12/site-packages/tvm/script/parser/core/parser.py:680: in visit_body
    self.visit(stmt)
/usr/local/lib/python3.12/site-packages/tvm/script/parser/core/parser.py:664: in visit
    self.report_error(node, err)
/usr/local/lib/python3.12/site-packages/tvm/script/parser/core/parser.py:613: in report_error
    raise err
/usr/local/lib/python3.12/site-packages/tvm/script/parser/core/parser.py:662: in visit
    func(node)
/usr/local/lib/python3.12/site-packages/tvm/script/parser/core/parser.py:844: in visit_Expr
    return _dispatch(self, "Expr")(self, node)
           ^^^^^^^^^^^^^^^^^^^^^^^^^^^^^^^^^^^
/usr/local/lib/python3.12/site-packages/tvm/script/parser/core/parser.py:339: in _wrapper
    self.report_error(node, err)
/usr/local/lib/python3.12/site-packages/tvm/script/parser/core/parser.py:633: in report_error
    raise diag_err
/usr/local/lib/python3.12/site-packages/tvm/script/parser/core/parser.py:337: in _wrapper
    return func(self, node)
           ^^^^^^^^^^^^^^^^
/usr/local/lib/python3.12/site-packages/tvm/script/parser/tir/parser.py:716: in visit_expr_stmt
    res = self.eval_expr(node.value)
          ^^^^^^^^^^^^^^^^^^^^^^^^^^
/usr/local/lib/python3.12/site-packages/tvm/script/parser/core/parser.py:527: in eval_expr
    return eval_expr(self, node, var_values)
           ^^^^^^^^^^^^^^^^^^^^^^^^^^^^^^^^^
/usr/local/lib/python3.12/site-packages/tvm/script/parser/core/evaluator.py:466: in eval_expr
    return ExprEvaluator.eval(parser, value_table, node)
           ^^^^^^^^^^^^^^^^^^^^^^^^^^^^^^^^^^^^^^^^^^^^^
/usr/local/lib/python3.12/site-packages/tvm/script/parser/core/evaluator.py:121: in eval
    result = self._visit(node)  # pylint: disable=protected-access
             ^^^^^^^^^^^^^^^^^
/usr/local/lib/python3.12/site-packages/tvm/script/parser/core/evaluator.py:248: in _visit
    fields[field] = self._visit(attr)
                    ^^^^^^^^^^^^^^^^^
_ _ _ _ _ _ _ _ _ _ _ _ _ _ _ _ _ _ _ _ _ _ _ _ _ _ _ _ _ _ _ _ _ _ _ _ _ _ _ _ 

self = <tvm.script.parser.core.evaluator.ExprEvaluator object at 0x2bad4be071a0>
node = <tvm.script.parser.core.doc_core.Name object at 0x2bad4bdb7020>

    def _visit(self, node: doc.AST) -> Any:
        """General doc AST node visiting method for expression evaluation.
    
        Parameters
        ----------
        node : doc.AST
            The root node of AST tree node of expression to evaluate.
    
        Returns
        -------
        res : Any
            The evaluation result.
        """
        args = []
        if (
            isinstance(node, doc.Call)
            and hasattr(node.func, "attr")
            and node.func.attr not in ["reads", "writes", "match_buffer"]
        ) or isinstance(node, doc.BinOp | doc.UnaryOp | doc.Compare | doc.BoolOp | doc.IfExp):
            if isinstance(node, doc.BinOp):
                args = [node.left, node.right]
            elif isinstance(node, doc.UnaryOp):
                args = [node.operand]
            elif isinstance(node, doc.Compare):
                args = [node.left, *node.comparators]
            elif isinstance(node, doc.IfExp):
                args = [node.test, node.body, node.orelse]
            elif isinstance(node, doc.Call):
                args = node.args
            elif isinstance(node, doc.BoolOp):
                args = node.values
        for arg in args:
            if isinstance(arg, doc.Subscript) and isinstance(arg.slice, doc.Slice | doc.Tuple):
                if isinstance(arg.slice, doc.Slice):
                    check_slices = [arg.slice]
                else:
                    check_slices = []
                    for p in arg.slice.elts:
                        if isinstance(p, doc.Slice):
                            check_slices.append(p)
                for s in check_slices:
                    if not s.step and s.upper and s.lower:
                        s.step = doc.Constant(
                            1,
                            None,
                            s.upper.lineno,
                            s.upper.end_col_offset + 1,
                            s.upper.lineno,
                            s.upper.end_col_offset + 2,
                        )
        if isinstance(node, list):
            return [self._visit(n) for n in node]
        if isinstance(node, tuple):
            return tuple(self._visit(n) for n in node)
        assert isinstance(node, doc.AST)
        if isinstance(node, doc.Name):
            if node.id not in self.value_table and not _get_builtin_or_none(node.id):
>               raise ParserError(node, f"Undefined variable: {node.id}")
E               tvm.error.DiagnosticError: one or more error diagnostics were emitted, please check diagnostic render for output.

/usr/local/lib/python3.12/site-packages/tvm/script/parser/core/evaluator.py:218: DiagnosticError
__________________________ test_multi_consumer[8192] ___________________________

self = <tvm.script.parser.core.parser.Parser object at 0x2bad4be04080>
node = <tvm.script.parser.core.doc_core.Expr object at 0x2bad4be86030>

    def _wrapper(self: "Parser", node: doc.AST) -> None:
        try:
>           return func(self, node)
                   ^^^^^^^^^^^^^^^^

/usr/local/lib/python3.12/site-packages/tvm/script/parser/core/parser.py:337: 
_ _ _ _ _ _ _ _ _ _ _ _ _ _ _ _ _ _ _ _ _ _ _ _ _ _ _ _ _ _ _ _ _ _ _ _ _ _ _ _ 
/usr/local/lib/python3.12/site-packages/tvm/script/parser/tir/parser.py:716: in visit_expr_stmt
    res = self.eval_expr(node.value)
          ^^^^^^^^^^^^^^^^^^^^^^^^^^
/usr/local/lib/python3.12/site-packages/tvm/script/parser/core/parser.py:527: in eval_expr
    return eval_expr(self, node, var_values)
           ^^^^^^^^^^^^^^^^^^^^^^^^^^^^^^^^^
/usr/local/lib/python3.12/site-packages/tvm/script/parser/core/evaluator.py:466: in eval_expr
    return ExprEvaluator.eval(parser, value_table, node)
           ^^^^^^^^^^^^^^^^^^^^^^^^^^^^^^^^^^^^^^^^^^^^^
/usr/local/lib/python3.12/site-packages/tvm/script/parser/core/evaluator.py:121: in eval
    result = self._visit(node)  # pylint: disable=protected-access
             ^^^^^^^^^^^^^^^^^
/usr/local/lib/python3.12/site-packages/tvm/script/parser/core/evaluator.py:248: in _visit
    fields[field] = self._visit(attr)
                    ^^^^^^^^^^^^^^^^^
_ _ _ _ _ _ _ _ _ _ _ _ _ _ _ _ _ _ _ _ _ _ _ _ _ _ _ _ _ _ _ _ _ _ _ _ _ _ _ _ 

self = <tvm.script.parser.core.evaluator.ExprEvaluator object at 0x2bad5f6d4800>
node = <tvm.script.parser.core.doc_core.Name object at 0x2bad4be86090>

    def _visit(self, node: doc.AST) -> Any:
        """General doc AST node visiting method for expression evaluation.
    
        Parameters
        ----------
        node : doc.AST
            The root node of AST tree node of expression to evaluate.
    
        Returns
        -------
        res : Any
            The evaluation result.
        """
        args = []
        if (
            isinstance(node, doc.Call)
            and hasattr(node.func, "attr")
            and node.func.attr not in ["reads", "writes", "match_buffer"]
        ) or isinstance(node, doc.BinOp | doc.UnaryOp | doc.Compare | doc.BoolOp | doc.IfExp):
            if isinstance(node, doc.BinOp):
                args = [node.left, node.right]
            elif isinstance(node, doc.UnaryOp):
                args = [node.operand]
            elif isinstance(node, doc.Compare):
                args = [node.left, *node.comparators]
            elif isinstance(node, doc.IfExp):
                args = [node.test, node.body, node.orelse]
            elif isinstance(node, doc.Call):
                args = node.args
            elif isinstance(node, doc.BoolOp):
                args = node.values
        for arg in args:
            if isinstance(arg, doc.Subscript) and isinstance(arg.slice, doc.Slice | doc.Tuple):
                if isinstance(arg.slice, doc.Slice):
                    check_slices = [arg.slice]
                else:
                    check_slices = []
                    for p in arg.slice.elts:
                        if isinstance(p, doc.Slice):
                            check_slices.append(p)
                for s in check_slices:
                    if not s.step and s.upper and s.lower:
                        s.step = doc.Constant(
                            1,
                            None,
                            s.upper.lineno,
                            s.upper.end_col_offset + 1,
                            s.upper.lineno,
                            s.upper.end_col_offset + 2,
                        )
        if isinstance(node, list):
            return [self._visit(n) for n in node]
        if isinstance(node, tuple):
            return tuple(self._visit(n) for n in node)
        assert isinstance(node, doc.AST)
        if isinstance(node, doc.Name):
            if node.id not in self.value_table and not _get_builtin_or_none(node.id):
>               raise ParserError(node, f"Undefined variable: {node.id}")
E               tvm.script.parser.core.error.ParserError: Undefined variable: writeback_logic

/usr/local/lib/python3.12/site-packages/tvm/script/parser/core/evaluator.py:218: ParserError

During handling of the above exception, another exception occurred:

size = 8192

    @pytest.mark.parametrize("size", [1024, 2048, 4096, 8192])
    def test_multi_consumer(size):
        M, N, K = size, size, size
>       kernel = hgemm_v10(M, N, K)
                 ^^^^^^^^^^^^^^^^^^

tests/test_step10.py:11: 
_ _ _ _ _ _ _ _ _ _ _ _ _ _ _ _ _ _ _ _ _ _ _ _ _ _ _ _ _ _ _ _ _ _ _ _ _ _ _ _ 
gemm_kernels.py:1598: in hgemm_v10
    @Tx.prim_func(tirx=True)
     ^^^^^^^^^^^^^^^^^^^^^^^
/usr/local/lib/python3.12/site-packages/tvm/script/parser/tir/entry.py:70: in decorator_wrapper
    f = parse(
/usr/local/lib/python3.12/site-packages/tvm/script/parser/core/entry.py:110: in parse
    parser.parse(extra_vars=extra_vars)
/usr/local/lib/python3.12/site-packages/tvm/script/parser/core/parser.py:407: in parse
    self.visit(node)
/usr/local/lib/python3.12/site-packages/tvm/script/parser/core/parser.py:664: in visit
    self.report_error(node, err)
/usr/local/lib/python3.12/site-packages/tvm/script/parser/core/parser.py:613: in report_error
    raise err
/usr/local/lib/python3.12/site-packages/tvm/script/parser/core/parser.py:662: in visit
    func(node)
/usr/local/lib/python3.12/site-packages/tvm/script/parser/core/doc.py:250: in generic_visit
    self.visit(value)
/usr/local/lib/python3.12/site-packages/tvm/script/parser/core/parser.py:650: in visit
    self.visit(item)
/usr/local/lib/python3.12/site-packages/tvm/script/parser/core/parser.py:664: in visit
    self.report_error(node, err)
/usr/local/lib/python3.12/site-packages/tvm/script/parser/core/parser.py:613: in report_error
    raise err
/usr/local/lib/python3.12/site-packages/tvm/script/parser/core/parser.py:662: in visit
    func(node)
/usr/local/lib/python3.12/site-packages/tvm/script/parser/core/parser.py:715: in visit_FunctionDef
    _dispatch_wrapper(func)(self, node)
/usr/local/lib/python3.12/site-packages/tvm/script/parser/core/parser.py:339: in _wrapper
    self.report_error(node, err)
/usr/local/lib/python3.12/site-packages/tvm/script/parser/core/parser.py:613: in report_error
    raise err
/usr/local/lib/python3.12/site-packages/tvm/script/parser/core/parser.py:337: in _wrapper
    return func(self, node)
           ^^^^^^^^^^^^^^^^
/usr/local/lib/python3.12/site-packages/tvm/script/parser/tir/parser.py:639: in visit_function_def
    self.visit_body(node.body)
/usr/local/lib/python3.12/site-packages/tvm/script/parser/core/parser.py:680: in visit_body
    self.visit(stmt)
/usr/local/lib/python3.12/site-packages/tvm/script/parser/core/parser.py:664: in visit
    self.report_error(node, err)
/usr/local/lib/python3.12/site-packages/tvm/script/parser/core/parser.py:613: in report_error
    raise err
/usr/local/lib/python3.12/site-packages/tvm/script/parser/core/parser.py:662: in visit
    func(node)
/usr/local/lib/python3.12/site-packages/tvm/script/parser/core/parser.py:799: in visit_With
    return _dispatch(self, "With")(self, node)
           ^^^^^^^^^^^^^^^^^^^^^^^^^^^^^^^^^^^
/usr/local/lib/python3.12/site-packages/tvm/script/parser/core/parser.py:339: in _wrapper
    self.report_error(node, err)
/usr/local/lib/python3.12/site-packages/tvm/script/parser/core/parser.py:613: in report_error
    raise err
/usr/local/lib/python3.12/site-packages/tvm/script/parser/core/parser.py:337: in _wrapper
    return func(self, node)
           ^^^^^^^^^^^^^^^^
/usr/local/lib/python3.12/site-packages/tvm/script/parser/tir/parser.py:584: in visit_with
    self.visit_body(node.body)
/usr/local/lib/python3.12/site-packages/tvm/script/parser/core/parser.py:680: in visit_body
    self.visit(stmt)
/usr/local/lib/python3.12/site-packages/tvm/script/parser/core/parser.py:664: in visit
    self.report_error(node, err)
/usr/local/lib/python3.12/site-packages/tvm/script/parser/core/parser.py:613: in report_error
    raise err
/usr/local/lib/python3.12/site-packages/tvm/script/parser/core/parser.py:662: in visit
    func(node)
/usr/local/lib/python3.12/site-packages/tvm/script/parser/core/parser.py:859: in visit_If
    return _dispatch(self, "If")(self, node)
           ^^^^^^^^^^^^^^^^^^^^^^^^^^^^^^^^^
/usr/local/lib/python3.12/site-packages/tvm/script/parser/core/parser.py:339: in _wrapper
    self.report_error(node, err)
/usr/local/lib/python3.12/site-packages/tvm/script/parser/core/parser.py:613: in report_error
    raise err
/usr/local/lib/python3.12/site-packages/tvm/script/parser/core/parser.py:337: in _wrapper
    return func(self, node)
           ^^^^^^^^^^^^^^^^
/usr/local/lib/python3.12/site-packages/tvm/script/parser/tir/parser.py:767: in visit_if
    self.visit_body(node.orelse)
/usr/local/lib/python3.12/site-packages/tvm/script/parser/core/parser.py:680: in visit_body
    self.visit(stmt)
/usr/local/lib/python3.12/site-packages/tvm/script/parser/core/parser.py:664: in visit
    self.report_error(node, err)
/usr/local/lib/python3.12/site-packages/tvm/script/parser/core/parser.py:613: in report_error
    raise err
/usr/local/lib/python3.12/site-packages/tvm/script/parser/core/parser.py:662: in visit
    func(node)
/usr/local/lib/python3.12/site-packages/tvm/script/parser/core/parser.py:859: in visit_If
    return _dispatch(self, "If")(self, node)
           ^^^^^^^^^^^^^^^^^^^^^^^^^^^^^^^^^
/usr/local/lib/python3.12/site-packages/tvm/script/parser/core/parser.py:339: in _wrapper
    self.report_error(node, err)
/usr/local/lib/python3.12/site-packages/tvm/script/parser/core/parser.py:613: in report_error
    raise err
/usr/local/lib/python3.12/site-packages/tvm/script/parser/core/parser.py:337: in _wrapper
    return func(self, node)
           ^^^^^^^^^^^^^^^^
/usr/local/lib/python3.12/site-packages/tvm/script/parser/tir/parser.py:763: in visit_if
    self.visit_body(node.body)
/usr/local/lib/python3.12/site-packages/tvm/script/parser/core/parser.py:680: in visit_body
    self.visit(stmt)
/usr/local/lib/python3.12/site-packages/tvm/script/parser/core/parser.py:664: in visit
    self.report_error(node, err)
/usr/local/lib/python3.12/site-packages/tvm/script/parser/core/parser.py:613: in report_error
    raise err
/usr/local/lib/python3.12/site-packages/tvm/script/parser/core/parser.py:662: in visit
    func(node)
/usr/local/lib/python3.12/site-packages/tvm/script/parser/core/parser.py:844: in visit_Expr
    return _dispatch(self, "Expr")(self, node)
           ^^^^^^^^^^^^^^^^^^^^^^^^^^^^^^^^^^^
/usr/local/lib/python3.12/site-packages/tvm/script/parser/core/parser.py:339: in _wrapper
    self.report_error(node, err)
/usr/local/lib/python3.12/site-packages/tvm/script/parser/core/parser.py:633: in report_error
    raise diag_err
/usr/local/lib/python3.12/site-packages/tvm/script/parser/core/parser.py:337: in _wrapper
    return func(self, node)
           ^^^^^^^^^^^^^^^^
/usr/local/lib/python3.12/site-packages/tvm/script/parser/tir/parser.py:716: in visit_expr_stmt
    res = self.eval_expr(node.value)
          ^^^^^^^^^^^^^^^^^^^^^^^^^^
/usr/local/lib/python3.12/site-packages/tvm/script/parser/core/parser.py:527: in eval_expr
    return eval_expr(self, node, var_values)
           ^^^^^^^^^^^^^^^^^^^^^^^^^^^^^^^^^
/usr/local/lib/python3.12/site-packages/tvm/script/parser/core/evaluator.py:466: in eval_expr
    return ExprEvaluator.eval(parser, value_table, node)
           ^^^^^^^^^^^^^^^^^^^^^^^^^^^^^^^^^^^^^^^^^^^^^
/usr/local/lib/python3.12/site-packages/tvm/script/parser/core/evaluator.py:121: in eval
    result = self._visit(node)  # pylint: disable=protected-access
             ^^^^^^^^^^^^^^^^^
/usr/local/lib/python3.12/site-packages/tvm/script/parser/core/evaluator.py:248: in _visit
    fields[field] = self._visit(attr)
                    ^^^^^^^^^^^^^^^^^
_ _ _ _ _ _ _ _ _ _ _ _ _ _ _ _ _ _ _ _ _ _ _ _ _ _ _ _ _ _ _ _ _ _ _ _ _ _ _ _ 

self = <tvm.script.parser.core.evaluator.ExprEvaluator object at 0x2bad5f6d4800>
node = <tvm.script.parser.core.doc_core.Name object at 0x2bad4be86090>

    def _visit(self, node: doc.AST) -> Any:
        """General doc AST node visiting method for expression evaluation.
    
        Parameters
        ----------
        node : doc.AST
            The root node of AST tree node of expression to evaluate.
    
        Returns
        -------
        res : Any
            The evaluation result.
        """
        args = []
        if (
            isinstance(node, doc.Call)
            and hasattr(node.func, "attr")
            and node.func.attr not in ["reads", "writes", "match_buffer"]
        ) or isinstance(node, doc.BinOp | doc.UnaryOp | doc.Compare | doc.BoolOp | doc.IfExp):
            if isinstance(node, doc.BinOp):
                args = [node.left, node.right]
            elif isinstance(node, doc.UnaryOp):
                args = [node.operand]
            elif isinstance(node, doc.Compare):
                args = [node.left, *node.comparators]
            elif isinstance(node, doc.IfExp):
                args = [node.test, node.body, node.orelse]
            elif isinstance(node, doc.Call):
                args = node.args
            elif isinstance(node, doc.BoolOp):
                args = node.values
        for arg in args:
            if isinstance(arg, doc.Subscript) and isinstance(arg.slice, doc.Slice | doc.Tuple):
                if isinstance(arg.slice, doc.Slice):
                    check_slices = [arg.slice]
                else:
                    check_slices = []
                    for p in arg.slice.elts:
                        if isinstance(p, doc.Slice):
                            check_slices.append(p)
                for s in check_slices:
                    if not s.step and s.upper and s.lower:
                        s.step = doc.Constant(
                            1,
                            None,
                            s.upper.lineno,
                            s.upper.end_col_offset + 1,
                            s.upper.lineno,
                            s.upper.end_col_offset + 2,
                        )
        if isinstance(node, list):
            return [self._visit(n) for n in node]
        if isinstance(node, tuple):
            return tuple(self._visit(n) for n in node)
        assert isinstance(node, doc.AST)
        if isinstance(node, doc.Name):
            if node.id not in self.value_table and not _get_builtin_or_none(node.id):
>               raise ParserError(node, f"Undefined variable: {node.id}")
E               tvm.error.DiagnosticError: one or more error diagnostics were emitted, please check diagnostic render for output.

/usr/local/lib/python3.12/site-packages/tvm/script/parser/core/evaluator.py:218: DiagnosticError
=========================== short test summary info ============================
FAILED tests/test_step10.py::test_multi_consumer[1024] - tvm.error.Diagnostic...
FAILED tests/test_step10.py::test_multi_consumer[2048] - tvm.error.Diagnostic...
FAILED tests/test_step10.py::test_multi_consumer[4096] - tvm.error.Diagnostic...
FAILED tests/test_step10.py::test_multi_consumer[8192] - tvm.error.Diagnostic...
============================== 4 failed in 16.94s ==============================
  Step 10 FAILED (exit code 1)

Failed steps: [10]
Stopping app - uncaught exception raised locally: SystemExit(1).
Runner terminated.

========================================
Run completed at Wed Apr  8 20:59:45 EDT 2026
