========================================
Modal run output - Started at Thu Apr  9 22:07:48 EDT 2026
Steps: 1,2,3,4,5,6,7,8,9,10
========================================
Running: modal run run_modal.py --step 1,2,3,4,5,6,7,8,9,10

✓ Initialized. View run at https://modal.com/apps/tylery/main/ap-8edBZSn7cMcJ72KVPDyZup
✓ Created objects.
├── 🔨 Created mount /Users/tyleryang/Developer/15-442/tirx-gemm/run_modal.py
├── 🔨 Created mount /Users/tyleryang/Developer/15-442/tirx-gemm
├── 🔨 Created function run_tests.
└── 🔨 Created function run_inspect.
Running step 1: tests/test_step01.py

==========
== CUDA ==
==========

CUDA Version 13.0.0

Container image Copyright (c) 2016-2023, NVIDIA CORPORATION & AFFILIATES. All rights reserved.

This container image and its contents are governed by the NVIDIA Deep Learning Container License.
By pulling and using the container, you accept the terms and conditions of this license:
https://developer.nvidia.com/ngc/nvidia-deep-learning-container-license

A copy of this license is made available in this container at /NGC-DL-CONTAINER-LICENSE for your convenience.

============================= test session starts ==============================
platform linux -- Python 3.12.1, pytest-9.0.2, pluggy-1.6.0 -- /usr/local/bin/python
cachedir: .pytest_cache
rootdir: /workspace
configfile: pyproject.toml
[02:08:10] /workspace/tvm/src/target/llvm/llvm_instance.cc:219: Error: Using LLVM 19.1.7 with `-mcpu=apple-m1` is not valid in `-mtriple=arm64-apple-macos`, using default `-mcpu=generic`
[02:08:10] /workspace/tvm/src/target/llvm/llvm_instance.cc:219: Error: Using LLVM 19.1.7 with `-mcpu=apple-m1` is not valid in `-mtriple=arm64-apple-macos`, using default `-mcpu=generic`
[02:08:10] /workspace/tvm/src/target/llvm/llvm_instance.cc:219: Error: Using LLVM 19.1.7 with `-mcpu=apple-m2` is not valid in `-mtriple=arm64-apple-macos`, using default `-mcpu=generic`
[02:08:10] /workspace/tvm/src/target/llvm/llvm_instance.cc:219: Error: Using LLVM 19.1.7 with `-mcpu=apple-m2` is not valid in `-mtriple=arm64-apple-macos`, using default `-mcpu=generic`
[02:08:10] /workspace/tvm/src/target/llvm/llvm_instance.cc:219: Error: Using LLVM 19.1.7 with `-mcpu=apple-m1` is not valid in `-mtriple=arm64-apple-macos`, using default `-mcpu=generic`
[02:08:10] /workspace/tvm/src/target/llvm/llvm_instance.cc:219: Error: Using LLVM 19.1.7 with `-mcpu=apple-m1` is not valid in `-mtriple=arm64-apple-macos`, using default `-mcpu=generic`
collecting ... collected 0 items / 1 error

==================================== ERRORS ====================================
____________________ ERROR collecting tests/test_step01.py _____________________
tests/test_step01.py:5: in <module>
    from gemm_kernels import hgemm_v1
gemm_kernels.py:32: in <module>
    TMEM_LANES, TMEM_COLS = 128, TMEM_COLS
                                 ^^^^^^^^^
E   NameError: name 'TMEM_COLS' is not defined
=========================== short test summary info ============================
ERROR tests/test_step01.py - NameError: name 'TMEM_COLS' is not defined
!!!!!!!!!!!!!!!!!!!! Interrupted: 1 error during collection !!!!!!!!!!!!!!!!!!!!
=============================== 1 error in 4.46s ===============================
  Step 1 FAILED (exit code 2)
Running step 2: tests/test_step02.py
============================= test session starts ==============================
platform linux -- Python 3.12.1, pytest-9.0.2, pluggy-1.6.0 -- /usr/local/bin/python
cachedir: .pytest_cache
rootdir: /workspace
configfile: pyproject.toml
[02:08:15] /workspace/tvm/src/target/llvm/llvm_instance.cc:219: Error: Using LLVM 19.1.7 with `-mcpu=apple-m1` is not valid in `-mtriple=arm64-apple-macos`, using default `-mcpu=generic`
[02:08:15] /workspace/tvm/src/target/llvm/llvm_instance.cc:219: Error: Using LLVM 19.1.7 with `-mcpu=apple-m1` is not valid in `-mtriple=arm64-apple-macos`, using default `-mcpu=generic`
[02:08:15] /workspace/tvm/src/target/llvm/llvm_instance.cc:219: Error: Using LLVM 19.1.7 with `-mcpu=apple-m2` is not valid in `-mtriple=arm64-apple-macos`, using default `-mcpu=generic`
[02:08:15] /workspace/tvm/src/target/llvm/llvm_instance.cc:219: Error: Using LLVM 19.1.7 with `-mcpu=apple-m2` is not valid in `-mtriple=arm64-apple-macos`, using default `-mcpu=generic`
[02:08:15] /workspace/tvm/src/target/llvm/llvm_instance.cc:219: Error: Using LLVM 19.1.7 with `-mcpu=apple-m1` is not valid in `-mtriple=arm64-apple-macos`, using default `-mcpu=generic`
[02:08:15] /workspace/tvm/src/target/llvm/llvm_instance.cc:219: Error: Using LLVM 19.1.7 with `-mcpu=apple-m1` is not valid in `-mtriple=arm64-apple-macos`, using default `-mcpu=generic`
collecting ... collected 0 items / 1 error

==================================== ERRORS ====================================
____________________ ERROR collecting tests/test_step02.py _____________________
tests/test_step02.py:5: in <module>
    from gemm_kernels import hgemm_v2
gemm_kernels.py:32: in <module>
    TMEM_LANES, TMEM_COLS = 128, TMEM_COLS
                                 ^^^^^^^^^
E   NameError: name 'TMEM_COLS' is not defined
=========================== short test summary info ============================
ERROR tests/test_step02.py - NameError: name 'TMEM_COLS' is not defined
!!!!!!!!!!!!!!!!!!!! Interrupted: 1 error during collection !!!!!!!!!!!!!!!!!!!!
=============================== 1 error in 3.27s ===============================
  Step 2 FAILED (exit code 2)
Running step 3: tests/test_step03.py
============================= test session starts ==============================
platform linux -- Python 3.12.1, pytest-9.0.2, pluggy-1.6.0 -- /usr/local/bin/python
cachedir: .pytest_cache
rootdir: /workspace
configfile: pyproject.toml
[02:08:19] /workspace/tvm/src/target/llvm/llvm_instance.cc:219: Error: Using LLVM 19.1.7 with `-mcpu=apple-m1` is not valid in `-mtriple=arm64-apple-macos`, using default `-mcpu=generic`
[02:08:19] /workspace/tvm/src/target/llvm/llvm_instance.cc:219: Error: Using LLVM 19.1.7 with `-mcpu=apple-m1` is not valid in `-mtriple=arm64-apple-macos`, using default `-mcpu=generic`
[02:08:19] /workspace/tvm/src/target/llvm/llvm_instance.cc:219: Error: Using LLVM 19.1.7 with `-mcpu=apple-m2` is not valid in `-mtriple=arm64-apple-macos`, using default `-mcpu=generic`
[02:08:19] /workspace/tvm/src/target/llvm/llvm_instance.cc:219: Error: Using LLVM 19.1.7 with `-mcpu=apple-m2` is not valid in `-mtriple=arm64-apple-macos`, using default `-mcpu=generic`
[02:08:19] /workspace/tvm/src/target/llvm/llvm_instance.cc:219: Error: Using LLVM 19.1.7 with `-mcpu=apple-m1` is not valid in `-mtriple=arm64-apple-macos`, using default `-mcpu=generic`
[02:08:19] /workspace/tvm/src/target/llvm/llvm_instance.cc:219: Error: Using LLVM 19.1.7 with `-mcpu=apple-m1` is not valid in `-mtriple=arm64-apple-macos`, using default `-mcpu=generic`
collecting ... collected 0 items / 1 error

==================================== ERRORS ====================================
____________________ ERROR collecting tests/test_step03.py _____________________
tests/test_step03.py:5: in <module>
    from gemm_kernels import hgemm_v3
gemm_kernels.py:32: in <module>
    TMEM_LANES, TMEM_COLS = 128, TMEM_COLS
                                 ^^^^^^^^^
E   NameError: name 'TMEM_COLS' is not defined
=========================== short test summary info ============================
ERROR tests/test_step03.py - NameError: name 'TMEM_COLS' is not defined
!!!!!!!!!!!!!!!!!!!! Interrupted: 1 error during collection !!!!!!!!!!!!!!!!!!!!
=============================== 1 error in 3.12s ===============================
  Step 3 FAILED (exit code 2)
Running step 4: tests/test_step04.py
============================= test session starts ==============================
platform linux -- Python 3.12.1, pytest-9.0.2, pluggy-1.6.0 -- /usr/local/bin/python
cachedir: .pytest_cache
rootdir: /workspace
configfile: pyproject.toml
[02:08:23] /workspace/tvm/src/target/llvm/llvm_instance.cc:219: Error: Using LLVM 19.1.7 with `-mcpu=apple-m1` is not valid in `-mtriple=arm64-apple-macos`, using default `-mcpu=generic`
[02:08:23] /workspace/tvm/src/target/llvm/llvm_instance.cc:219: Error: Using LLVM 19.1.7 with `-mcpu=apple-m1` is not valid in `-mtriple=arm64-apple-macos`, using default `-mcpu=generic`
[02:08:23] /workspace/tvm/src/target/llvm/llvm_instance.cc:219: Error: Using LLVM 19.1.7 with `-mcpu=apple-m2` is not valid in `-mtriple=arm64-apple-macos`, using default `-mcpu=generic`
[02:08:23] /workspace/tvm/src/target/llvm/llvm_instance.cc:219: Error: Using LLVM 19.1.7 with `-mcpu=apple-m2` is not valid in `-mtriple=arm64-apple-macos`, using default `-mcpu=generic`
[02:08:23] /workspace/tvm/src/target/llvm/llvm_instance.cc:219: Error: Using LLVM 19.1.7 with `-mcpu=apple-m1` is not valid in `-mtriple=arm64-apple-macos`, using default `-mcpu=generic`
[02:08:23] /workspace/tvm/src/target/llvm/llvm_instance.cc:219: Error: Using LLVM 19.1.7 with `-mcpu=apple-m1` is not valid in `-mtriple=arm64-apple-macos`, using default `-mcpu=generic`
collecting ... collected 0 items / 1 error

==================================== ERRORS ====================================
____________________ ERROR collecting tests/test_step04.py _____________________
tests/test_step04.py:5: in <module>
    from gemm_kernels import hgemm_v4
gemm_kernels.py:32: in <module>
    TMEM_LANES, TMEM_COLS = 128, TMEM_COLS
                                 ^^^^^^^^^
E   NameError: name 'TMEM_COLS' is not defined
=========================== short test summary info ============================
ERROR tests/test_step04.py - NameError: name 'TMEM_COLS' is not defined
!!!!!!!!!!!!!!!!!!!! Interrupted: 1 error during collection !!!!!!!!!!!!!!!!!!!!
=============================== 1 error in 3.22s ===============================
  Step 4 FAILED (exit code 2)
Running step 5: tests/test_step05.py
============================= test session starts ==============================
platform linux -- Python 3.12.1, pytest-9.0.2, pluggy-1.6.0 -- /usr/local/bin/python
cachedir: .pytest_cache
rootdir: /workspace
configfile: pyproject.toml
[02:08:27] /workspace/tvm/src/target/llvm/llvm_instance.cc:219: Error: Using LLVM 19.1.7 with `-mcpu=apple-m1` is not valid in `-mtriple=arm64-apple-macos`, using default `-mcpu=generic`
[02:08:27] /workspace/tvm/src/target/llvm/llvm_instance.cc:219: Error: Using LLVM 19.1.7 with `-mcpu=apple-m1` is not valid in `-mtriple=arm64-apple-macos`, using default `-mcpu=generic`
[02:08:27] /workspace/tvm/src/target/llvm/llvm_instance.cc:219: Error: Using LLVM 19.1.7 with `-mcpu=apple-m2` is not valid in `-mtriple=arm64-apple-macos`, using default `-mcpu=generic`
[02:08:27] /workspace/tvm/src/target/llvm/llvm_instance.cc:219: Error: Using LLVM 19.1.7 with `-mcpu=apple-m2` is not valid in `-mtriple=arm64-apple-macos`, using default `-mcpu=generic`
[02:08:27] /workspace/tvm/src/target/llvm/llvm_instance.cc:219: Error: Using LLVM 19.1.7 with `-mcpu=apple-m1` is not valid in `-mtriple=arm64-apple-macos`, using default `-mcpu=generic`
[02:08:27] /workspace/tvm/src/target/llvm/llvm_instance.cc:219: Error: Using LLVM 19.1.7 with `-mcpu=apple-m1` is not valid in `-mtriple=arm64-apple-macos`, using default `-mcpu=generic`
collecting ... collected 0 items / 1 error

==================================== ERRORS ====================================
____________________ ERROR collecting tests/test_step05.py _____________________
tests/test_step05.py:5: in <module>
    from gemm_kernels import hgemm_v5
gemm_kernels.py:32: in <module>
    TMEM_LANES, TMEM_COLS = 128, TMEM_COLS
                                 ^^^^^^^^^
E   NameError: name 'TMEM_COLS' is not defined
=========================== short test summary info ============================
ERROR tests/test_step05.py - NameError: name 'TMEM_COLS' is not defined
!!!!!!!!!!!!!!!!!!!! Interrupted: 1 error during collection !!!!!!!!!!!!!!!!!!!!
=============================== 1 error in 3.14s ===============================
  Step 5 FAILED (exit code 2)
Running step 6: tests/test_step06.py
============================= test session starts ==============================
platform linux -- Python 3.12.1, pytest-9.0.2, pluggy-1.6.0 -- /usr/local/bin/python
cachedir: .pytest_cache
rootdir: /workspace
configfile: pyproject.toml
